WARNING at the command-line "--args":1:417: Build argument has no effect.
ohos_build_compiler_specified="gcc" product_path="/home/wangbinquan01/ly-evk-release/hi3861-evk/vendor/chinasoftinc/hilink_3861_Adc" device_path="/home/wangbinquan01/ly-evk-release/hi3861-evk/device/hisilicon/hispark_pegasus/sdk_liteos" ohos_kernel_type="liteos_m" enable_Adc = true disable_huks_binary = false disable_authenticate = false ohos_build_type="debug" ohos_build_time="1637283166366" ohos_build_datetime="2021-11-19 16:52:46" ohos_full_compile=true ohos_build_enable_ccache=true
                                                                                                                                                                                                                                                                                                                                                                                                                                ^--------------------
The variable "ohos_build_datetime" was set as a build argument
but never appeared in a declare_args() block in any buildfile.

To view all possible args, run "gn args --list <out_dir>"

The build continued as if that argument was unspecified.

Done. Made 69 targets from 62 files in 247ms
ninja: Entering directory `/home/wangbinquan01/ly-evk-release/hi3861-evk/out/hispark_pegasus/wifiiot_hilink_3861_Adc'
[1/201] gcc cross compiler obj/base/hiviewdfx/hilog_lite/frameworks/mini/libhilog_lite.hiview_log_limit.o
[2/201] gcc cross compiler obj/base/hiviewdfx/hievent_lite/frameworks/libhievent_lite.hiview_event.o
[3/201] gcc cross compiler obj/base/hiviewdfx/hiview_lite/libhiview_lite.hiview_config.o
[4/201] gcc cross compiler obj/base/hiviewdfx/hiview_lite/libhiview_lite.hiview_service.o
[5/201] gcc cross compiler obj/base/hiviewdfx/hiview_lite/libhiview_lite.hiview_cache.o
[6/201] gcc cross compiler obj/base/hiviewdfx/hiview_lite/libhiview_lite.hiview_file.o
[7/201] gcc cross compiler obj/base/hiviewdfx/hiview_lite/libhiview_lite.hiview_util.o
[8/201] gcc cross compiler obj/base/security/deviceauth/frameworks/deviceauth_lite/source/auth_info/libhichainsdk.auth_info.o
[9/201] gcc cross compiler obj/base/security/deviceauth/frameworks/deviceauth_lite/source/auth_info/libhichainsdk.add_auth_info_client.o
[10/201] gcc cross compiler obj/base/security/deviceauth/frameworks/deviceauth_lite/source/auth_info/libhichainsdk.add_auth_info.o
[11/201] gcc cross compiler obj/base/security/deviceauth/frameworks/deviceauth_lite/source/auth_info/libhichainsdk.exchange_auth_info.o
[12/201] gcc cross compiler obj/base/security/deviceauth/frameworks/deviceauth_lite/source/auth_info/libhichainsdk.remove_auth_info_client.o
[13/201] gcc cross compiler obj/base/security/deviceauth/frameworks/deviceauth_lite/source/struct/libhichainsdk.key_agreement_version.o
[14/201] gcc cross compiler obj/base/startup/bootstrap_lite/services/source/libbootstrap.bootstrap_service.o
[15/201] gcc cross compiler obj/base/security/deviceauth/frameworks/deviceauth_lite/source/json/libhichainsdk.commonutil.o
[16/201] gcc cross compiler obj/base/security/deviceauth/frameworks/deviceauth_lite/source/json/libhichainsdk.jsonutil.o
[17/201] gcc cross compiler obj/base/update/ota_lite/frameworks/source/verify/libhota.app_rsa.o
[18/201] gcc cross compiler obj/base/update/ota_lite/frameworks/source/verify/libhota.app_sha256.o
[19/201] STAMP obj/build/lite/config/component/cJSON/cjson_shared.stamp
[20/201] STAMP obj/build/lite/ndk.stamp
[21/201] gcc cross compiler obj/base/security/deviceauth/frameworks/deviceauth_lite/source/key_agreement/libhichainsdk.key_agreement.o
[22/201] gcc cross compiler obj/base/security/deviceauth/frameworks/deviceauth_lite/source/key_agreement/libhichainsdk.key_agreement_client.o
[23/201] gcc cross compiler obj/base/security/deviceauth/frameworks/deviceauth_lite/source/key_agreement/libhichainsdk.key_agreement_server.o
[24/201] gcc cross compiler obj/base/security/deviceauth/frameworks/deviceauth_lite/source/key_agreement/libhichainsdk.sec_clone_server.o
[25/201] gcc cross compiler obj/base/security/deviceauth/frameworks/deviceauth_lite/source/key_agreement/libhichainsdk.sts_client.o
[26/201] gcc cross compiler obj/base/hiviewdfx/hilog_lite/frameworks/mini/libhilog_lite.hiview_output_log.o
[27/201] gcc cross compiler obj/base/hiviewdfx/hilog_lite/frameworks/mini/libhilog_lite.hiview_log.o
../../../base/hiviewdfx/hilog_lite/frameworks/mini/hiview_log.c: In function 'HiLogUnRegisterProc':
../../../base/hiviewdfx/hilog_lite/frameworks/mini/hiview_log.c:189:12: warning: implicit declaration of function 'HiviewUnRegisterHieventProc'; did you mean 'HiviewUnRegisterHilogProc'? [-Wimplicit-function-declaration]
     return HiviewUnRegisterHieventProc(func);
            ^~~~~~~~~~~~~~~~~~~~~~~~~~~
            HiviewUnRegisterHilogProc
../../../base/hiviewdfx/hilog_lite/frameworks/mini/hiview_log.c:189:12: warning: 'return' with a value, in function returning void
     return HiviewUnRegisterHieventProc(func);
            ^~~~~~~~~~~~~~~~~~~~~~~~~~~~~~~~~
../../../base/hiviewdfx/hilog_lite/frameworks/mini/hiview_log.c:187:6: note: declared here
 void HiLogUnRegisterProc(HilogProc func)
      ^~~~~~~~~~~~~~~~~~~
[28/201] gcc cross compiler obj/applications/chinasoftinc/wifi-iot/app/Adc/libAdc.adctest.o
../../../applications/chinasoftinc/wifi-iot/app/Adc/adctest.c: In function 'Adc_Task':
../../../applications/chinasoftinc/wifi-iot/app/Adc/adctest.c:88:16: warning: unused variable 'pump_power_state' [-Wunused-variable]
     uint8_t i, pump_power_state;
                ^~~~~~~~~~~~~~~~
../../../applications/chinasoftinc/wifi-iot/app/Adc/adctest.c:85:21: warning: unused parameter 'argument' [-Wunused-parameter]
 void Adc_Task(void *argument)
                     ^~~~~~~~
[29/201] gcc cross compiler obj/base/hiviewdfx/hievent_lite/frameworks/libhievent_lite.hiview_output_event.o
[30/201] gcc cross compiler obj/base/security/deviceauth/frameworks/deviceauth_lite/source/auth_info/libhichainsdk.exchange_auth_info_client.o
[31/201] gcc cross compiler obj/base/update/ota_lite/frameworks/source/verify/libhota.hota_verify.o
In file included from ../../../base/update/ota_lite/frameworks/source/verify/hota_verify.c:21:0:
../../../base/update/ota_lite/hals/hal_hota_board.h:111:1: warning: function declaration isn't a prototype [-Wstrict-prototypes]
 const ComponentTableInfo *HotaHalGetPartitionInfo();
 ^~~~~
[32/201] gcc cross compiler obj/base/security/deviceauth/frameworks/deviceauth_lite/source/key_agreement/libhichainsdk.pake_client.o
[33/201] gcc cross compiler obj/base/security/deviceauth/frameworks/deviceauth_lite/source/key_agreement/libhichainsdk.pake_server.o
[34/201] gcc cross compiler obj/base/security/deviceauth/frameworks/deviceauth_lite/source/log/libhichainsdk.log.o
[35/201] gcc cross compiler obj/base/security/deviceauth/frameworks/deviceauth_lite/source/schedule/libhichainsdk.build_object.o
[36/201] gcc cross compiler obj/base/security/deviceauth/frameworks/deviceauth_lite/source/struct/libhichainsdk.add_auth_info_request.o
[37/201] gcc cross compiler obj/base/security/deviceauth/frameworks/deviceauth_lite/source/struct/libhichainsdk.add_auth_info_data.o
[38/201] gcc cross compiler obj/base/security/deviceauth/frameworks/deviceauth_lite/source/struct/libhichainsdk.add_auth_info_response.o
[39/201] gcc cross compiler obj/base/security/deviceauth/frameworks/deviceauth_lite/source/struct/libhichainsdk.auth_ack_request.o
[40/201] gcc cross compiler obj/base/security/deviceauth/frameworks/deviceauth_lite/source/struct/libhichainsdk.auth_start_response.o
[41/201] gcc cross compiler obj/base/security/deviceauth/frameworks/deviceauth_lite/source/struct/libhichainsdk.auth_ack_response.o
[42/201] gcc cross compiler obj/base/security/deviceauth/frameworks/deviceauth_lite/source/struct/libhichainsdk.exchange_auth_data.o
[43/201] gcc cross compiler obj/base/security/deviceauth/frameworks/deviceauth_lite/source/struct/libhichainsdk.exchange_request.o
[44/201] gcc cross compiler obj/base/security/deviceauth/frameworks/deviceauth_lite/source/struct/libhichainsdk.inform_message.o
[45/201] gcc cross compiler obj/base/security/deviceauth/frameworks/deviceauth_lite/source/struct/libhichainsdk.exchange_response.o
[46/201] gcc cross compiler obj/base/security/deviceauth/frameworks/deviceauth_lite/source/struct/libhichainsdk.import_add_auth_data.o
[47/201] AR libs/libhiview_lite.a
[48/201] STAMP obj/base/security/huks/frameworks/huks_lite/huks_sdk.stamp
[49/201] STAMP obj/base/startup/syspara_lite/frameworks/token/token_notes.stamp
[50/201] STAMP obj/base/update/ota_lite/frameworks/test.stamp
[51/201] STAMP obj/base/update/ota_lite/frameworks/update_api.stamp
[52/201] STAMP obj/device/hisilicon/hispark_pegasus/hispark_pegasus.stamp
[53/201] gcc cross compiler obj/base/security/deviceauth/frameworks/deviceauth_lite/source/libhichainsdk.hichain.o
[54/201] gcc cross compiler obj/base/update/ota_lite/frameworks/source/updater/libhota.hota_updater.o
In file included from ../../../base/update/ota_lite/frameworks/source/updater/hota_updater.c:23:0:
../../../base/update/ota_lite/hals/hal_hota_board.h:111:1: warning: function declaration isn't a prototype [-Wstrict-prototypes]
 const ComponentTableInfo *HotaHalGetPartitionInfo();
 ^~~~~
../../../base/update/ota_lite/frameworks/source/updater/hota_updater.c: In function 'GetCurrentDloadCompPartition':
../../../base/update/ota_lite/frameworks/source/updater/hota_updater.c:433:21: warning: pointer targets in passing argument 1 of 'strncmp' differ in signedness [-Wpointer-sign]
         if (strncmp((unsigned char *)(g_otaComponents[i].componentName),
                     ^
In file included from ../../../third_party/bounds_checking_function/include/securectype.h:301:0,
                 from ../../../third_party/bounds_checking_function/include/securec.h:21,
                 from ../../../base/update/ota_lite/frameworks/source/updater/hota_updater.c:21:
../../../device/hisilicon/hispark_pegasus/sdk_liteos/platform/os/Huawei_LiteOS/components/lib/libc/musl/include/string.h:280:5: note: expected 'const char *' but argument is of type 'unsigned char *'
 int strncmp (const char *, const char *, size_t);
     ^~~~~~~
../../../base/update/ota_lite/frameworks/source/updater/hota_updater.c:434:13: warning: pointer targets in passing argument 2 of 'strncmp' differ in signedness [-Wpointer-sign]
             g_componentInfos.table[g_currentDloadComp.index - 1].addr,
             ^~~~~~~~~~~~~~~~
In file included from ../../../third_party/bounds_checking_function/include/securectype.h:301:0,
                 from ../../../third_party/bounds_checking_function/include/securec.h:21,
                 from ../../../base/update/ota_lite/frameworks/source/updater/hota_updater.c:21:
../../../device/hisilicon/hispark_pegasus/sdk_liteos/platform/os/Huawei_LiteOS/components/lib/libc/musl/include/string.h:280:5: note: expected 'const char *' but argument is of type 'unsigned char *'
 int strncmp (const char *, const char *, size_t);
     ^~~~~~~
../../../base/update/ota_lite/frameworks/source/updater/hota_updater.c: In function 'HotaInit':
../../../base/update/ota_lite/frameworks/source/updater/hota_updater.c:583:21: warning: assignment discards 'const' qualifier from pointer target type [-Wdiscarded-qualifiers]
     g_otaComponents = HotaHalGetPartitionInfo();
                     ^
[55/201] gcc cross compiler obj/base/security/deviceauth/frameworks/deviceauth_lite/source/key_agreement/libhichainsdk.sts_server.o
[56/201] gcc cross compiler obj/base/security/deviceauth/frameworks/deviceauth_lite/source/schedule/libhichainsdk.distribution.o
[57/201] gcc cross compiler obj/base/security/deviceauth/frameworks/deviceauth_lite/source/struct/libhichainsdk.auth_start_request.o
[58/201] gcc cross compiler obj/base/security/deviceauth/frameworks/deviceauth_lite/source/struct/libhichainsdk.pake_client_confirm.o
[59/201] gcc cross compiler obj/base/security/deviceauth/frameworks/deviceauth_lite/source/struct/libhichainsdk.pake_request.o
[60/201] gcc cross compiler obj/base/security/deviceauth/frameworks/deviceauth_lite/source/struct/libhichainsdk.parsedata.o
[61/201] gcc cross compiler obj/base/security/deviceauth/frameworks/deviceauth_lite/source/struct/libhichainsdk.pake_response.o
[62/201] gcc cross compiler obj/base/security/deviceauth/frameworks/deviceauth_lite/source/struct/libhichainsdk.pake_server_confirm.o
[63/201] gcc cross compiler obj/base/security/deviceauth/frameworks/deviceauth_lite/source/struct/libhichainsdk.rmv_auth_info_data.o
[64/201] gcc cross compiler obj/base/security/deviceauth/frameworks/deviceauth_lite/source/struct/libhichainsdk.rmv_auth_info_request.o
[65/201] gcc cross compiler obj/base/security/deviceauth/frameworks/deviceauth_lite/source/struct/libhichainsdk.rmv_auth_info_response.o
[66/201] gcc cross compiler obj/base/security/deviceauth/frameworks/deviceauth_lite/source/struct/libhichainsdk.sec_clone_data.o
[67/201] gcc cross compiler obj/base/startup/bootstrap_lite/services/source/libbootstrap.system_init.o
[68/201] gcc cross compiler obj/base/startup/syspara_lite/frameworks/token/src/token_impl_hal/libtoken_static.token.o
[69/201] gcc cross compiler obj/base/startup/syspara_lite/frameworks/parameter/src/param_impl_hal/libsysparam.param_impl_hal.o
[70/201] gcc cross compiler obj/device/hisilicon/hispark_pegasus/hi3861_adapter/hals/iot_hardware/wifiiot_lite/libhal_iothardware.hal_lowpower.o
[71/201] gcc cross compiler obj/device/hisilicon/hispark_pegasus/hi3861_adapter/hals/communication/wifi_lite/wifiaware/source/libhal_wifiaware.hal_wifiaware.o
[72/201] gcc cross compiler obj/device/hisilicon/hispark_pegasus/hi3861_adapter/hals/iot_hardware/wifiiot_lite/libhal_iothardware.hal_iot_uart.o
[73/201] gcc cross compiler obj/device/hisilicon/hispark_pegasus/hi3861_adapter/hals/iot_hardware/wifiiot_lite/libhal_iothardware.hal_iot_watchdog.o
[74/201] AR libs/libAdc.a
[75/201] gcc cross compiler obj/device/hisilicon/hispark_pegasus/hi3861_adapter/hals/iot_hardware/wifiiot_lite/libhal_iothardware.hal_reset.o
[76/201] gcc cross compiler obj/device/hisilicon/hispark_pegasus/hi3861_adapter/hals/iot_hardware/wifiiot_lite/libhal_iothardware.hal_iot_pwm.o
[77/201] gcc cross compiler obj/device/hisilicon/hispark_pegasus/hi3861_adapter/kal/posix/src/libposix.libc.o
[78/201] STAMP obj/domains/iot/link/link.stamp
[79/201] AR libs/libhilog_lite.a
[80/201] AR libs/libhievent_lite.a
[81/201] gcc cross compiler obj/base/security/deviceauth/frameworks/deviceauth_lite/source/huks_adapter/libhichainsdk.huks_adapter.o
[82/201] gcc cross compiler obj/third_party/cJSON/libcjson_static.cJSON_Utils.o
[83/201] gcc cross compiler obj/base/startup/syspara_lite/frameworks/parameter/src/libsysparam.parameter_common.o
[84/201] gcc cross compiler obj/device/hisilicon/hispark_pegasus/hi3861_adapter/hals/iot_hardware/wifiiot_lite/libhal_iothardware.hal_iot_i2c.o
../../../device/hisilicon/hispark_pegasus/hi3861_adapter/hals/iot_hardware/wifiiot_lite/hal_iot_i2c.c: In function 'IoTI2cWrite':
../../../device/hisilicon/hispark_pegasus/hi3861_adapter/hals/iot_hardware/wifiiot_lite/hal_iot_i2c.c:25:22: warning: assignment discards 'const' qualifier from pointer target type [-Wdiscarded-qualifiers]
     i2cData.send_buf = data;
                      ^
[85/201] gcc cross compiler obj/device/hisilicon/hispark_pegasus/hi3861_adapter/hals/communication/wifi_lite/wifiservice/source/libwifiservice.wifi_device_util.o
[86/201] gcc cross compiler obj/device/hisilicon/hispark_pegasus/hi3861_adapter/hals/iot_hardware/wifiiot_lite/libhal_iothardware.hal_iot_flash.o
[87/201] gcc cross compiler obj/device/hisilicon/hispark_pegasus/hi3861_adapter/hals/iot_hardware/wifiiot_lite/libhal_iothardware.hal_iot_gpio.o
[88/201] gcc cross compiler obj/device/hisilicon/hispark_pegasus/hi3861_adapter/hals/update/libhal_update_static.hal_hota_board.o
In file included from ../../../device/hisilicon/hispark_pegasus/hi3861_adapter/hals/update/hal_hota_board.c:16:0:
../../../base/update/ota_lite/hals/hal_hota_board.h:111:1: warning: function declaration isn't a prototype [-Wstrict-prototypes]
 const ComponentTableInfo *HotaHalGetPartitionInfo();
 ^~~~~
../../../device/hisilicon/hispark_pegasus/hi3861_adapter/hals/update/hal_hota_board.c:148:27: warning: function declaration isn't a prototype [-Wstrict-prototypes]
 const ComponentTableInfo *HotaHalGetPartitionInfo()
                           ^~~~~~~~~~~~~~~~~~~~~~~
../../../device/hisilicon/hispark_pegasus/hi3861_adapter/hals/update/hal_hota_board.c: In function 'HotaHalGetOtaPkgPath':
../../../device/hisilicon/hispark_pegasus/hi3861_adapter/hals/update/hal_hota_board.c:172:15: warning: implicit declaration of function 'strcpy_s' [-Wimplicit-function-declaration]
     int ret = strcpy_s(path, len ,"/sdcard");
               ^~~~~~~~
../../../device/hisilicon/hispark_pegasus/hi3861_adapter/hals/update/hal_hota_board.c: In function 'HotaHalGetMetaData':
../../../device/hisilicon/hispark_pegasus/hi3861_adapter/hals/update/hal_hota_board.c:184:40: warning: unused parameter 'metaData' [-Wunused-parameter]
 int HotaHalGetMetaData(UpdateMetaData *metaData)
                                        ^~~~~~~~
../../../device/hisilicon/hispark_pegasus/hi3861_adapter/hals/update/hal_hota_board.c: In function 'HotaHalSetMetaData':
../../../device/hisilicon/hispark_pegasus/hi3861_adapter/hals/update/hal_hota_board.c:189:40: warning: unused parameter 'metaData' [-Wunused-parameter]
 int HotaHalSetMetaData(UpdateMetaData *metaData)
                                        ^~~~~~~~
[89/201] gcc cross compiler obj/device/hisilicon/hispark_pegasus/hi3861_adapter/hals/utils/file/src/libhal_file_static.hal_file.o
[90/201] gcc cross compiler obj/device/hisilicon/hispark_pegasus/hi3861_adapter/kal/posix/src/libposix.pthread.o
[91/201] gcc cross compiler obj/device/hisilicon/hispark_pegasus/hi3861_adapter/kal/posix/src/libposix.pthread_attr.o
[92/201] gcc cross compiler obj/device/hisilicon/hispark_pegasus/hi3861_adapter/kal/posix/src/libposix.time.o
[93/201] gcc cross compiler obj/device/hisilicon/hispark_pegasus/hi3861_adapter/kal/posix/src/libposix.file.o
[94/201] gcc cross compiler obj/foundation/communication/softbus_lite/discovery/coap/source/libdiscovery.coap_socket.o
[95/201] gcc cross compiler obj/foundation/communication/softbus_lite/discovery/coap/source/libdiscovery.json_payload.o
[96/201] gcc cross compiler obj/foundation/communication/softbus_lite/discovery/coap/source/libdiscovery.nstackx_common.o
[97/201] gcc cross compiler obj/foundation/communication/softbus_lite/discovery/coap/source/libdiscovery.nstackx_device.o
[98/201] gcc cross compiler obj/foundation/communication/softbus_lite/discovery/discovery_service/source/libdiscovery.coap_service.o
[99/201] gcc cross compiler obj/foundation/communication/softbus_lite/os_adapter/source/L0/libdiscovery.os_adapter.o
[100/201] gcc cross compiler obj/foundation/communication/softbus_lite/authmanager/source/libauthmanager.auth_conn.o
[101/201] gcc cross compiler obj/foundation/communication/softbus_lite/authmanager/source/libauthmanager.bus_manager.o
[102/201] gcc cross compiler obj/foundation/communication/softbus_lite/authmanager/source/libauthmanager.msg_get_deviceid.o
[103/201] COPY ../../../foundation/distributedschedule/samgr_lite/config/system_capability.json obj/foundation/distributedschedule/samgr_lite/config/system_capability.json
[104/201] gcc cross compiler obj/foundation/communication/softbus_lite/trans_service/source/libdistbus/libtrans_service.tcp_session.o
[105/201] AR libs/libbootstrap.a
[106/201] AR libs/libhal_wifiaware.a
[107/201] STAMP obj/applications/chinasoftinc/wifi-iot/app/app.stamp
[108/201] gcc cross compiler obj/device/hisilicon/hispark_pegasus/hi3861_adapter/hals/communication/wifi_lite/wifiservice/source/libwifiservice.wifi_hotspot.o
../../../device/hisilicon/hispark_pegasus/hi3861_adapter/hals/communication/wifi_lite/wifiservice/source/wifi_hotspot.c: In function 'GetPeerSTAWifiIp':
../../../device/hisilicon/hispark_pegasus/hi3861_adapter/hals/communication/wifi_lite/wifiservice/source/wifi_hotspot.c:236:52: warning: passing argument 2 of 'netifapi_dhcps_get_client_ip' discards 'const' qualifier from pointer target type [-Wdiscarded-qualifiers]
     ret = netifapi_dhcps_get_client_ip(netif_node, macAddress, macLen, &clientIP);
                                                    ^~~~~~~~~~
In file included from ../../../device/hisilicon/hispark_pegasus/hi3861_adapter/hals/communication/wifi_lite/wifiservice/source/wifi_hotspot.c:19:0:
../../../device/hisilicon/hispark_pegasus/sdk_liteos/third_party/lwip_sack/include/lwip/netifapi.h:1155:7: note: expected 'u8_t * {aka unsigned char *}' but argument is of type 'const unsigned char *'
 err_t netifapi_dhcps_get_client_ip(struct netif *netif, u8_t *mac, u8_t maclen, ip_addr_t *ip);
       ^~~~~~~~~~~~~~~~~~~~~~~~~~~~
../../../device/hisilicon/hispark_pegasus/hi3861_adapter/hals/communication/wifi_lite/wifiservice/source/wifi_hotspot.c:236:72: warning: passing argument 4 of 'netifapi_dhcps_get_client_ip' from incompatible pointer type [-Wincompatible-pointer-types]
     ret = netifapi_dhcps_get_client_ip(netif_node, macAddress, macLen, &clientIP);
                                                                        ^
In file included from ../../../device/hisilicon/hispark_pegasus/hi3861_adapter/hals/communication/wifi_lite/wifiservice/source/wifi_hotspot.c:19:0:
../../../device/hisilicon/hispark_pegasus/sdk_liteos/third_party/lwip_sack/include/lwip/netifapi.h:1155:7: note: expected 'ip_addr_t * {aka struct ip_addr *}' but argument is of type 'ip4_addr_t * {aka struct ip4_addr *}'
 err_t netifapi_dhcps_get_client_ip(struct netif *netif, u8_t *mac, u8_t maclen, ip_addr_t *ip);
       ^~~~~~~~~~~~~~~~~~~~~~~~~~~~
[109/201] gcc cross compiler obj/foundation/communication/softbus_lite/discovery/coap/source/libdiscovery.coap_discover.o
[110/201] gcc cross compiler obj/foundation/communication/softbus_lite/discovery/coap/source/libdiscovery.coap_adapter.o
[111/201] gcc cross compiler obj/foundation/communication/softbus_lite/discovery/discovery_service/source/libdiscovery.common_info_manager.o
[112/201] gcc cross compiler obj/foundation/communication/softbus_lite/discovery/discovery_service/source/libdiscovery.discovery_service.o
[113/201] gcc cross compiler obj/foundation/communication/softbus_lite/authmanager/source/libauthmanager.auth_interface.o
[114/201] gcc cross compiler obj/foundation/communication/softbus_lite/trans_service/source/libdistbus/libtrans_service.trans_lock.o
[115/201] gcc cross compiler obj/foundation/communication/softbus_lite/trans_service/source/utils/libtrans_service.message.o
[116/201] gcc cross compiler obj/foundation/communication/softbus_lite/trans_service/source/utils/libtrans_service.aes_gcm.o
[117/201] gcc cross compiler obj/foundation/communication/wifi_aware/frameworks/source/libwifiaware.wifiaware.o
[118/201] gcc cross compiler obj/foundation/distributedschedule/samgr_lite/samgr/source/libsamgr_source.common.o
[119/201] STAMP obj/domains/iot/link/iot.stamp
[120/201] STAMP obj/base/hiviewdfx/hilog_lite/frameworks/mini/hilog_lite_ndk.stamp
[121/201] gcc cross compiler obj/foundation/distributedschedule/samgr_lite/samgr/source/libsamgr_source.feature.o
[122/201] AR libs/libhichainsdk.a
[123/201] gcc cross compiler obj/foundation/distributedschedule/samgr_lite/communication/broadcast/source/libbroadcast.broadcast_service.o
[124/201] gcc cross compiler obj/foundation/distributedschedule/samgr_lite/communication/broadcast/source/libbroadcast.pub_sub_feature.o
[125/201] gcc cross compiler obj/foundation/distributedschedule/samgr_lite/samgr/source/libsamgr_source.iunknown.o
[126/201] AR libs/libhal_iothardware.a
[127/201] AR libs/libhal_update_static.a
[128/201] AR libs/libhal_file_static.a
[129/201] AR libs/libposix.a
[130/201] gcc cross compiler obj/foundation/distributedschedule/samgr_lite/samgr/registry/libsamgr.service_registry.o
[131/201] STAMP obj/vendor/chinasoftinc/hilink_3861_Adc/hilink_3861_Adc.stamp
[132/201] STAMP obj/foundation/distributedschedule/samgr_lite/ConfigFiles.stamp
[133/201] gcc cross compiler obj/foundation/communication/softbus_lite/trans_service/source/libdistbus/libtrans_service.auth_conn_manager.o
[134/201] gcc cross compiler obj/foundation/distributedschedule/samgr_lite/samgr/adapter/cmsis/libsamgr_adapter.time_adapter.o
cc1: warning: ../../../kernel/liteos_m/kal/posix/include/malloc.h: not a directory
[135/201] gcc cross compiler obj/utils/native/lite/file/src/file_impl_hal/libnative_file.file.o
[136/201] gcc cross compiler obj/foundation/distributedschedule/samgr_lite/samgr/adapter/cmsis/libsamgr_adapter.memory_adapter.o
cc1: warning: ../../../kernel/liteos_m/kal/posix/include/malloc.h: not a directory
[137/201] AR libs/libdiscovery.a
[138/201] AR libs/libwifiaware.a
[139/201] STAMP obj/base/security/deviceauth/frameworks/deviceauth_lite/hichainsdk.stamp
[140/201] STAMP obj/base/iot_hardware/peripheral/iothardware.stamp
[141/201] STAMP obj/base/iot_hardware/peripheral/iothardware_ndk.stamp
[142/201] STAMP obj/foundation/communication/softbus_lite/discovery_ndk.stamp
[143/201] gcc cross compiler obj/foundation/communication/softbus_lite/trans_service/source/utils/libtrans_service.tcp_socket.o
[144/201] AR libs/libnative_file.a
[145/201] STAMP obj/utils/native/lite/file/file.stamp
[146/201] gcc cross compiler obj/device/hisilicon/hispark_pegasus/hi3861_adapter/hals/communication/wifi_lite/wifiservice/source/libwifiservice.wifi_device.o
../../../device/hisilicon/hispark_pegasus/hi3861_adapter/hals/communication/wifi_lite/wifiservice/source/wifi_device.c:37:5: warning: braces around scalar initializer
     {0}, {0}, {0}, 0, WIFI_CONFIG_INVALID, 0, 0, UNKNOWN, {0, 0, {0, 0}, 0}
     ^
../../../device/hisilicon/hispark_pegasus/hi3861_adapter/hals/communication/wifi_lite/wifiservice/source/wifi_device.c:37:5: note: (near initialization for 'g_wifiConfigs[3].ssid[5]')
../../../device/hisilicon/hispark_pegasus/hi3861_adapter/hals/communication/wifi_lite/wifiservice/source/wifi_device.c:37:63: warning: excess elements in scalar initializer
     {0}, {0}, {0}, 0, WIFI_CONFIG_INVALID, 0, 0, UNKNOWN, {0, 0, {0, 0}, 0}
                                                               ^
../../../device/hisilicon/hispark_pegasus/hi3861_adapter/hals/communication/wifi_lite/wifiservice/source/wifi_device.c:37:63: note: (near initialization for 'g_wifiConfigs[3].ssid[5]')
../../../device/hisilicon/hispark_pegasus/hi3861_adapter/hals/communication/wifi_lite/wifiservice/source/wifi_device.c:37:5: warning: braces around scalar initializer
     {0}, {0}, {0}, 0, WIFI_CONFIG_INVALID, 0, 0, UNKNOWN, {0, 0, {0, 0}, 0}
     ^
../../../device/hisilicon/hispark_pegasus/hi3861_adapter/hals/communication/wifi_lite/wifiservice/source/wifi_device.c:37:5: note: (near initialization for 'g_wifiConfigs[3].ssid[5]')
../../../device/hisilicon/hispark_pegasus/hi3861_adapter/hals/communication/wifi_lite/wifiservice/source/wifi_device.c:37:70: warning: excess elements in scalar initializer
     {0}, {0}, {0}, 0, WIFI_CONFIG_INVALID, 0, 0, UNKNOWN, {0, 0, {0, 0}, 0}
                                                                      ^
../../../device/hisilicon/hispark_pegasus/hi3861_adapter/hals/communication/wifi_lite/wifiservice/source/wifi_device.c:37:70: note: (near initialization for 'g_wifiConfigs[3].ssid[5]')
../../../device/hisilicon/hispark_pegasus/hi3861_adapter/hals/communication/wifi_lite/wifiservice/source/wifi_device.c:37:66: warning: excess elements in scalar initializer
     {0}, {0}, {0}, 0, WIFI_CONFIG_INVALID, 0, 0, UNKNOWN, {0, 0, {0, 0}, 0}
                                                                  ^
../../../device/hisilicon/hispark_pegasus/hi3861_adapter/hals/communication/wifi_lite/wifiservice/source/wifi_device.c:37:66: note: (near initialization for 'g_wifiConfigs[3].ssid[5]')
../../../device/hisilicon/hispark_pegasus/hi3861_adapter/hals/communication/wifi_lite/wifiservice/source/wifi_device.c:37:74: warning: excess elements in scalar initializer
     {0}, {0}, {0}, 0, WIFI_CONFIG_INVALID, 0, 0, UNKNOWN, {0, 0, {0, 0}, 0}
                                                                          ^
../../../device/hisilicon/hispark_pegasus/hi3861_adapter/hals/communication/wifi_lite/wifiservice/source/wifi_device.c:37:74: note: (near initialization for 'g_wifiConfigs[3].ssid[5]')
../../../device/hisilicon/hispark_pegasus/hi3861_adapter/hals/communication/wifi_lite/wifiservice/source/wifi_device.c:38:1: warning: missing initializer for field 'bssid' of 'WifiDeviceConfig {aka struct WifiDeviceConfig}' [-Wmissing-field-initializers]
 };
 ^
In file included from ../../../foundation/communication/wifi_lite/interfaces/wifiservice/wifi_linked_info.h:40:0,
                 from ../../../foundation/communication/wifi_lite/interfaces/wifiservice/wifi_event.h:41,
                 from ../../../foundation/communication/wifi_lite/interfaces/wifiservice/wifi_device.h:41,
                 from ../../../device/hisilicon/hispark_pegasus/hi3861_adapter/hals/communication/wifi_lite/wifiservice/source/wifi_device.c:16:
../../../foundation/communication/wifi_lite/interfaces/wifiservice/wifi_device_config.h:161:19: note: 'bssid' declared here
     unsigned char bssid[WIFI_MAC_LEN];
                   ^~~~~
../../../device/hisilicon/hispark_pegasus/hi3861_adapter/hals/communication/wifi_lite/wifiservice/source/wifi_device.c:36:63: warning: missing braces around initializer [-Wmissing-braces]
 static WifiDeviceConfig g_wifiConfigs[WIFI_MAX_CONFIG_SIZE] = {
                                                               ^
     {0}, {0}, {0}, 0, WIFI_CONFIG_INVALID, 0, 0, UNKNOWN, {0, 0, {0, 0}, 0}
      {}   {}   {}  {
                    {
 };
 }
 }
../../../device/hisilicon/hispark_pegasus/hi3861_adapter/hals/communication/wifi_lite/wifiservice/source/wifi_device.c: In function 'StaSetLocaladdr':
../../../device/hisilicon/hispark_pegasus/hi3861_adapter/hals/communication/wifi_lite/wifiservice/source/wifi_device.c:76:29: warning: passing argument 1 of 'netifapi_netif_set_addr' discards 'const' qualifier from pointer target type [-Wdiscarded-qualifiers]
     netifapi_netif_set_addr(netif, &st_ipaddr, &st_netmask, &st_gw);
                             ^~~~~
In file included from ../../../device/hisilicon/hispark_pegasus/hi3861_adapter/hals/communication/wifi_lite/wifiservice/source/wifi_device.c:23:0:
../../../device/hisilicon/hispark_pegasus/sdk_liteos/third_party/lwip_sack/include/lwip/netifapi.h:402:7: note: expected 'struct netif *' but argument is of type 'const struct netif *'
 err_t netifapi_netif_set_addr(struct netif *netif,
       ^~~~~~~~~~~~~~~~~~~~~~~
../../../device/hisilicon/hispark_pegasus/hi3861_adapter/hals/communication/wifi_lite/wifiservice/source/wifi_device.c: In function 'StaSetDNSServer':
../../../device/hisilicon/hispark_pegasus/hi3861_adapter/hals/communication/wifi_lite/wifiservice/source/wifi_device.c:89:9: warning: implicit declaration of function 'lwip_dns_setserver'; did you mean 'nd_ns_reserved'? [-Wimplicit-function-declaration]
         lwip_dns_setserver(i, &tmp_dns_ser[i]);
         ^~~~~~~~~~~~~~~~~~
         nd_ns_reserved
[147/201] gcc cross compiler obj/foundation/distributedschedule/samgr_lite/samgr/adapter/cmsis/libsamgr_adapter.queue_adapter.o
cc1: warning: ../../../kernel/liteos_m/kal/posix/include/malloc.h: not a directory
[148/201] gcc cross compiler obj/vendor/hisilicon/hispark_pegasus/hals/utils/token/libhal_token_static.hal_token.o
[149/201] AR libs/libwifiservice.a
[150/201] gcc cross compiler obj/foundation/distributedschedule/samgr_lite/samgr/source/libsamgr_source.service.o
[151/201] AR libs/libhal_token_static.a
[152/201] STAMP obj/device/hisilicon/hispark_pegasus/hi3861_adapter/hals/communication/wifi_lite/wifiservice/wifiservice_ndk.stamp
[153/201] STAMP obj/foundation/communication/wifi_lite/wifi.stamp
[154/201] AR libs/libtoken_static.a
[155/201] gcc cross compiler obj/foundation/distributedschedule/samgr_lite/samgr/adapter/cmsis/libsamgr_adapter.thread_adapter.o
cc1: warning: ../../../kernel/liteos_m/kal/posix/include/malloc.h: not a directory
[156/201] gcc cross compiler obj/utils/native/lite/os_dump/libdump_static.dump_syspara.o
In file included from ../../../utils/native/lite/os_dump/dump_syspara.c:16:0:
../../../utils/native/lite/os_dump/dump_syspara.h:21:5: warning: function declaration isn't a prototype [-Wstrict-prototypes]
     char *(*getInfoValue)();
     ^~~~
../../../utils/native/lite/os_dump/dump_syspara.h:24:1: warning: function declaration isn't a prototype [-Wstrict-prototypes]
 int QuerySysparaCmd();
 ^~~
../../../utils/native/lite/os_dump/dump_syspara.c:26:20: warning: function declaration isn't a prototype [-Wstrict-prototypes]
 static const char* GetSdkApiLevel()
                    ^~~~~~~~~~~~~~
../../../utils/native/lite/os_dump/dump_syspara.c: In function 'GetSdkApiLevel':
../../../utils/native/lite/os_dump/dump_syspara.c:30:5: warning: implicit declaration of function 'sprintf_s'; did you mean 'sprintf'? [-Wimplicit-function-declaration]
     sprintf_s(sdkApiVersion, API_VERSION_LEN, "%d", sdkApi);
     ^~~~~~~~~
     sprintf
../../../utils/native/lite/os_dump/dump_syspara.c: At top level:
../../../utils/native/lite/os_dump/dump_syspara.c:34:20: warning: function declaration isn't a prototype [-Wstrict-prototypes]
 static const char* GetFirstApiLevel()
                    ^~~~~~~~~~~~~~~~
../../../utils/native/lite/os_dump/dump_syspara.c:43:20: warning: initialization from incompatible pointer type [-Wincompatible-pointer-types]
     {"DeviceType", GetDeviceType},
                    ^~~~~~~~~~~~~
../../../utils/native/lite/os_dump/dump_syspara.c:43:20: note: (near initialization for 'SYSPARA_LIST[0].getInfoValue')
../../../utils/native/lite/os_dump/dump_syspara.c:44:21: warning: initialization from incompatible pointer type [-Wincompatible-pointer-types]
     {"Manufacture", GetManufacture},
                     ^~~~~~~~~~~~~~
../../../utils/native/lite/os_dump/dump_syspara.c:44:21: note: (near initialization for 'SYSPARA_LIST[1].getInfoValue')
../../../utils/native/lite/os_dump/dump_syspara.c:45:15: warning: initialization from incompatible pointer type [-Wincompatible-pointer-types]
     {"Brand", GetBrand},
               ^~~~~~~~
../../../utils/native/lite/os_dump/dump_syspara.c:45:15: note: (near initialization for 'SYSPARA_LIST[2].getInfoValue')
../../../utils/native/lite/os_dump/dump_syspara.c:46:20: warning: initialization from incompatible pointer type [-Wincompatible-pointer-types]
     {"MarketName", GetMarketName},
                    ^~~~~~~~~~~~~
../../../utils/native/lite/os_dump/dump_syspara.c:46:20: note: (near initialization for 'SYSPARA_LIST[3].getInfoValue')
../../../utils/native/lite/os_dump/dump_syspara.c:47:23: warning: initialization from incompatible pointer type [-Wincompatible-pointer-types]
     {"ProductSeries", GetProductSeries},
                       ^~~~~~~~~~~~~~~~
../../../utils/native/lite/os_dump/dump_syspara.c:47:23: note: (near initialization for 'SYSPARA_LIST[4].getInfoValue')
../../../utils/native/lite/os_dump/dump_syspara.c:48:22: warning: initialization from incompatible pointer type [-Wincompatible-pointer-types]
     {"ProductModel", GetProductModel},
                      ^~~~~~~~~~~~~~~
../../../utils/native/lite/os_dump/dump_syspara.c:48:22: note: (near initialization for 'SYSPARA_LIST[5].getInfoValue')
../../../utils/native/lite/os_dump/dump_syspara.c:49:23: warning: initialization from incompatible pointer type [-Wincompatible-pointer-types]
     {"SoftwareModel", GetSoftwareModel},
                       ^~~~~~~~~~~~~~~~
../../../utils/native/lite/os_dump/dump_syspara.c:49:23: note: (near initialization for 'SYSPARA_LIST[6].getInfoValue')
../../../utils/native/lite/os_dump/dump_syspara.c:50:23: warning: initialization from incompatible pointer type [-Wincompatible-pointer-types]
     {"HardwareModel", GetHardwareModel},
                       ^~~~~~~~~~~~~~~~
../../../utils/native/lite/os_dump/dump_syspara.c:50:23: note: (near initialization for 'SYSPARA_LIST[7].getInfoValue')
../../../utils/native/lite/os_dump/dump_syspara.c:51:16: warning: initialization from incompatible pointer type [-Wincompatible-pointer-types]
     {"Serial", GetSerial},
                ^~~~~~~~~
../../../utils/native/lite/os_dump/dump_syspara.c:51:16: note: (near initialization for 'SYSPARA_LIST[8].getInfoValue')
../../../utils/native/lite/os_dump/dump_syspara.c:52:20: warning: initialization from incompatible pointer type [-Wincompatible-pointer-types]
     {"OSFullName", GetOSFullName},
                    ^~~~~~~~~~~~~
../../../utils/native/lite/os_dump/dump_syspara.c:52:20: note: (near initialization for 'SYSPARA_LIST[9].getInfoValue')
../../../utils/native/lite/os_dump/dump_syspara.c:53:24: warning: initialization from incompatible pointer type [-Wincompatible-pointer-types]
     {"DisplayVersion", GetDisplayVersion},
                        ^~~~~~~~~~~~~~~~~
../../../utils/native/lite/os_dump/dump_syspara.c:53:24: note: (near initialization for 'SYSPARA_LIST[10].getInfoValue')
../../../utils/native/lite/os_dump/dump_syspara.c:54:27: warning: initialization from incompatible pointer type [-Wincompatible-pointer-types]
     {"BootloaderVersion", GetBootloaderVersion},
                           ^~~~~~~~~~~~~~~~~~~~
../../../utils/native/lite/os_dump/dump_syspara.c:54:27: note: (near initialization for 'SYSPARA_LIST[11].getInfoValue')
../../../utils/native/lite/os_dump/dump_syspara.c:55:29: warning: initialization from incompatible pointer type [-Wincompatible-pointer-types]
     {"GetSecurityPatchTag", GetSecurityPatchTag},
                             ^~~~~~~~~~~~~~~~~~~
../../../utils/native/lite/os_dump/dump_syspara.c:55:29: note: (near initialization for 'SYSPARA_LIST[12].getInfoValue')
../../../utils/native/lite/os_dump/dump_syspara.c:56:17: warning: initialization from incompatible pointer type [-Wincompatible-pointer-types]
     {"AbiList", GetAbiList},
                 ^~~~~~~~~~
../../../utils/native/lite/os_dump/dump_syspara.c:56:17: note: (near initialization for 'SYSPARA_LIST[13].getInfoValue')
../../../utils/native/lite/os_dump/dump_syspara.c:57:23: warning: initialization from incompatible pointer type [-Wincompatible-pointer-types]
     {"SdkApiVersion", GetSdkApiLevel},
                       ^~~~~~~~~~~~~~
../../../utils/native/lite/os_dump/dump_syspara.c:57:23: note: (near initialization for 'SYSPARA_LIST[14].getInfoValue')
../../../utils/native/lite/os_dump/dump_syspara.c:58:25: warning: initialization from incompatible pointer type [-Wincompatible-pointer-types]
     {"FirstApiVersion", GetFirstApiLevel},
                         ^~~~~~~~~~~~~~~~
../../../utils/native/lite/os_dump/dump_syspara.c:58:25: note: (near initialization for 'SYSPARA_LIST[15].getInfoValue')
../../../utils/native/lite/os_dump/dump_syspara.c:59:28: warning: initialization from incompatible pointer type [-Wincompatible-pointer-types]
     {"IncrementalVersion", GetIncrementalVersion},
                            ^~~~~~~~~~~~~~~~~~~~~
../../../utils/native/lite/os_dump/dump_syspara.c:59:28: note: (near initialization for 'SYSPARA_LIST[16].getInfoValue')
../../../utils/native/lite/os_dump/dump_syspara.c:60:19: warning: initialization from incompatible pointer type [-Wincompatible-pointer-types]
     {"VersionId", GetVersionId},
                   ^~~~~~~~~~~~
../../../utils/native/lite/os_dump/dump_syspara.c:60:19: note: (near initialization for 'SYSPARA_LIST[17].getInfoValue')
../../../utils/native/lite/os_dump/dump_syspara.c:61:19: warning: initialization from incompatible pointer type [-Wincompatible-pointer-types]
     {"BuildType", GetBuildType},
                   ^~~~~~~~~~~~
../../../utils/native/lite/os_dump/dump_syspara.c:61:19: note: (near initialization for 'SYSPARA_LIST[18].getInfoValue')
../../../utils/native/lite/os_dump/dump_syspara.c:62:19: warning: initialization from incompatible pointer type [-Wincompatible-pointer-types]
     {"BuildUser", GetBuildUser},
                   ^~~~~~~~~~~~
../../../utils/native/lite/os_dump/dump_syspara.c:62:19: note: (near initialization for 'SYSPARA_LIST[19].getInfoValue')
../../../utils/native/lite/os_dump/dump_syspara.c:63:19: warning: initialization from incompatible pointer type [-Wincompatible-pointer-types]
     {"BuildHost", GetBuildHost},
                   ^~~~~~~~~~~~
../../../utils/native/lite/os_dump/dump_syspara.c:63:19: note: (near initialization for 'SYSPARA_LIST[20].getInfoValue')
../../../utils/native/lite/os_dump/dump_syspara.c:64:19: warning: initialization from incompatible pointer type [-Wincompatible-pointer-types]
     {"BuildTime", GetBuildTime},
                   ^~~~~~~~~~~~
../../../utils/native/lite/os_dump/dump_syspara.c:64:19: note: (near initialization for 'SYSPARA_LIST[21].getInfoValue')
../../../utils/native/lite/os_dump/dump_syspara.c:65:23: warning: initialization from incompatible pointer type [-Wincompatible-pointer-types]
     {"BuildRootHash", GetBuildRootHash},
                       ^~~~~~~~~~~~~~~~
../../../utils/native/lite/os_dump/dump_syspara.c:65:23: note: (near initialization for 'SYSPARA_LIST[22].getInfoValue')
../../../utils/native/lite/os_dump/dump_syspara.c:68:5: warning: function declaration isn't a prototype [-Wstrict-prototypes]
 int QuerySysparaCmd()
     ^~~~~~~~~~~~~~~
[157/201] STAMP obj/base/startup/syspara_lite/frameworks/token/token.stamp
[158/201] AR libs/libsamgr_adapter.a
[159/201] gcc cross compiler obj/foundation/distributedschedule/samgr_lite/communication/broadcast/source/libbroadcast.pub_sub_implement.o
[160/201] gcc cross compiler obj/foundation/communication/softbus_lite/authmanager/source/libauthmanager.wifi_auth_manager.o
[161/201] AR libs/libbroadcast.a
[162/201] AR libs/libauthmanager.a
[163/201] gcc cross compiler obj/foundation/distributedschedule/samgr_lite/samgr/source/libsamgr_source.task_manager.o
[164/201] gcc cross compiler obj/vendor/hisilicon/hispark_pegasus/hals/utils/sys_param/libhal_sysparam.hal_sys_param.o
../../../vendor/hisilicon/hispark_pegasus/hals/utils/sys_param/hal_sys_param.c:33:19: warning: 'EMPTY_STR' defined but not used [-Wunused-const-variable=]
 static const char EMPTY_STR[] = {""};
                   ^~~~~~~~~
[165/201] gcc cross compiler obj/foundation/distributedschedule/samgr_lite/samgr/source/libsamgr_source.message.o
[166/201] AR libs/libhal_sysparam.a
[167/201] gcc cross compiler obj/utils/native/lite/kv_store/src/kvstore_common/libutils_kv_store.kvstore_common.o
[168/201] AR libs/libsamgr_source.a
[169/201] AR libs/libsysparam.a
[170/201] STAMP obj/base/startup/syspara_lite/frameworks/parameter/parameter_notes.stamp
[171/201] STAMP obj/base/startup/syspara_lite/frameworks/parameter/parameter.stamp
[172/201] AR libs/libdump_static.a
[173/201] gcc cross compiler obj/utils/native/lite/kv_store/src/kvstore_impl_hal/libutils_kv_store.kv_store.o
[174/201] AR libs/libhota.a
[175/201] STAMP obj/utils/native/lite/os_dump/utils_os_dump.stamp
[176/201] STAMP obj/base/update/ota_lite/frameworks/ota_lite.stamp
[177/201] AR libs/libutils_kv_store.a
[178/201] STAMP obj/utils/native/lite/kv_store/kv_store.stamp
[179/201] gcc cross compiler obj/device/hisilicon/hispark_pegasus/hi3861_adapter/kal/cmsis/libcmsis.cmsis_liteos.o
[180/201] AR libs/libcmsis.a
[181/201] STAMP obj/device/hisilicon/hispark_pegasus/hi3861_adapter/kal/kal.stamp
[182/201] gcc cross compiler obj/foundation/distributedschedule/samgr_lite/samgr/source/libsamgr.samgr_lite.o
[183/201] AR libs/libsamgr.a
[184/201] STAMP obj/foundation/distributedschedule/samgr_lite/samgr.stamp
[185/201] STAMP obj/foundation/distributedschedule/samgr_lite/samgr_lite_ndk.stamp
[186/201] gcc cross compiler obj/foundation/distributeddatamgr/appdatamgr/appdatamgr_lite/dbm_kv_store/src/kv_store_impl_hal/libfoundation_dbm_kv_store.dbm_kv_store.o
../../../foundation/distributeddatamgr/appdatamgr/appdatamgr_lite/dbm_kv_store/src/kv_store_impl_hal/dbm_kv_store.c: In function 'Get':
../../../foundation/distributeddatamgr/appdatamgr/appdatamgr_lite/dbm_kv_store/src/kv_store_impl_hal/dbm_kv_store.c:775:10: warning: implicit declaration of function 'IsValidKey'; did you mean 'IsValidPath'? [-Wimplicit-function-declaration]
     if (!IsValidKey(key) || (value == NULL) || (count > MAX_GET_VALUE_LEN)) {
          ^~~~~~~~~~
          IsValidPath
[187/201] AR libs/libfoundation_dbm_kv_store.a
[188/201] STAMP obj/foundation/distributeddatamgr/appdatamgr/appdatamgr_lite/dbm_kv_store.stamp
[189/201] gcc cross compiler obj/foundation/communication/softbus_lite/trans_service/source/libdistbus/libtrans_service.tcp_session_manager.o
[190/201] AR libs/libtrans_service.a
[191/201] STAMP obj/foundation/communication/softbus_lite/softbus.stamp
[192/201] STAMP obj/foundation/communication/softbus_lite/trans_service_ndk.stamp
[193/201] STAMP obj/foundation/communication/softbus_lite/softbus_lite_ndk.stamp
[194/201] gcc cross compiler obj/third_party/cJSON/libcjson_static.cJSON.o
[195/201] AR libs/libcjson_static.a
[196/201] STAMP obj/build/lite/config/component/cJSON/cjson_ndk.stamp
[197/201] STAMP obj/device/hisilicon/hispark_pegasus/sdk_liteos/sdk.stamp
[198/201] STAMP obj/device/hisilicon/hispark_pegasus/sdk_liteos/wifiiot_sdk.stamp
[199/201] STAMP obj/build/lite/ohos.stamp
[200/201] ACTION //device/hisilicon/hispark_pegasus/sdk_liteos:run_wifiiot_scons(//build/lite/toolchain:riscv32-unknown-elf)
[201/201] STAMP obj/device/hisilicon/hispark_pegasus/sdk_liteos/run_wifiiot_scons.stamp
