WARNING at the command-line "--args":1:428: Build argument has no effect.
ohos_build_compiler_specified="gcc" product_path="/home/wangbinquan01/ly-evk-release/hi3861-evk-bank-2022-01-14/vendor/hisilicon/hispark_pegasus" device_path="/home/wangbinquan01/ly-evk-release/hi3861-evk-bank-2022-01-14/device/hisilicon/hispark_pegasus/sdk_liteos" ohos_kernel_type="liteos_m" disable_huks_binary = false disable_authenticate = false ohos_build_type="debug" ohos_build_time="1642118296451" ohos_build_datetime="2022-01-14 15:58:16" ohos_full_compile=true ohos_build_enable_ccache=true
                                                                                                                                                                                                                                                                                                                                                                                                                                           ^--------------------
The variable "ohos_build_datetime" was set as a build argument
but never appeared in a declare_args() block in any buildfile.

To view all possible args, run "gn args --list <out_dir>"

The build continued as if that argument was unspecified.

Done. Made 103 targets from 81 files in 870ms
ninja: Entering directory `/home/wangbinquan01/ly-evk-release/hi3861-evk-bank-2022-01-14/out/hispark_pegasus/wifiiot_hispark_pegasus'
[1/303] STAMP obj/applications/sample/wifi-iot/app/startup/startup.stamp
[2/303] gcc cross compiler obj/base/hiviewdfx/hievent_lite/frameworks/libhievent_lite.hiview_event.o
[3/303] gcc cross compiler obj/base/hiviewdfx/hiview_lite/libhiview_lite.hiview_service.o
[4/303] gcc cross compiler obj/base/hiviewdfx/hiview_lite/libhiview_lite.hiview_file.o
[5/303] gcc cross compiler obj/base/hiviewdfx/hilog_lite/frameworks/mini/libhilog_lite.hiview_log_limit.o
[6/303] gcc cross compiler obj/base/security/deviceauth/frameworks/deviceauth_lite/source/auth_info/libhichainsdk.remove_auth_info_client.o
[7/303] gcc cross compiler obj/base/security/deviceauth/frameworks/deviceauth_lite/source/auth_info/libhichainsdk.exchange_auth_info.o
[8/303] gcc cross compiler obj/base/hiviewdfx/hiview_lite/libhiview_lite.hiview_cache.o
[9/303] gcc cross compiler obj/base/hiviewdfx/hiview_lite/libhiview_lite.hiview_config.o
[10/303] gcc cross compiler obj/base/security/deviceauth/frameworks/deviceauth_lite/source/json/libhichainsdk.jsonutil.o
[11/303] gcc cross compiler obj/base/hiviewdfx/hiview_lite/libhiview_lite.hiview_util.o
[12/303] gcc cross compiler obj/base/security/deviceauth/frameworks/deviceauth_lite/source/auth_info/libhichainsdk.add_auth_info.o
[13/303] gcc cross compiler obj/base/security/deviceauth/frameworks/deviceauth_lite/source/auth_info/libhichainsdk.auth_info.o
[14/303] gcc cross compiler obj/base/security/deviceauth/frameworks/deviceauth_lite/source/auth_info/libhichainsdk.add_auth_info_client.o
[15/303] gcc cross compiler obj/base/security/deviceauth/frameworks/deviceauth_lite/source/auth_info/libhichainsdk.exchange_auth_info_client.o
[16/303] STAMP obj/base/update/ota_lite/frameworks/test.stamp
[17/303] STAMP obj/base/update/ota_lite/frameworks/update_api.stamp
[18/303] STAMP obj/build/lite/config/component/cJSON/cjson_shared.stamp
[19/303] gcc cross compiler obj/base/update/ota_lite/frameworks/source/verify/libhota.app_rsa.o
[20/303] gcc cross compiler obj/base/update/ota_lite/frameworks/source/verify/libhota.app_sha256.o
[21/303] STAMP obj/build/lite/ndk.stamp
[22/303] gcc cross compiler obj/base/security/deviceauth/frameworks/deviceauth_lite/source/key_agreement/libhichainsdk.key_agreement.o
[23/303] gcc cross compiler obj/base/security/deviceauth/frameworks/deviceauth_lite/source/key_agreement/libhichainsdk.key_agreement_client.o
[24/303] gcc cross compiler obj/base/security/deviceauth/frameworks/deviceauth_lite/source/key_agreement/libhichainsdk.sec_clone_server.o
[25/303] gcc cross compiler obj/base/security/deviceauth/frameworks/deviceauth_lite/source/key_agreement/libhichainsdk.sts_client.o
[26/303] gcc cross compiler obj/base/security/deviceauth/frameworks/deviceauth_lite/source/log/libhichainsdk.log.o
[27/303] gcc cross compiler obj/base/security/deviceauth/frameworks/deviceauth_lite/source/struct/libhichainsdk.add_auth_info_request.o
[28/303] gcc cross compiler obj/base/security/deviceauth/frameworks/deviceauth_lite/source/struct/libhichainsdk.add_auth_info_data.o
[29/303] gcc cross compiler obj/base/hiviewdfx/hilog_lite/frameworks/mini/libhilog_lite.hiview_output_log.o
[30/303] gcc cross compiler obj/base/hiviewdfx/hievent_lite/frameworks/libhievent_lite.hiview_output_event.o
[31/303] gcc cross compiler obj/base/hiviewdfx/hilog_lite/frameworks/mini/libhilog_lite.hiview_log.o
../../../base/hiviewdfx/hilog_lite/frameworks/mini/hiview_log.c: In function 'HiLogUnRegisterProc':
../../../base/hiviewdfx/hilog_lite/frameworks/mini/hiview_log.c:189:12: warning: implicit declaration of function 'HiviewUnRegisterHieventProc'; did you mean 'HiviewUnRegisterHilogProc'? [-Wimplicit-function-declaration]
     return HiviewUnRegisterHieventProc(func);
            ^~~~~~~~~~~~~~~~~~~~~~~~~~~
            HiviewUnRegisterHilogProc
../../../base/hiviewdfx/hilog_lite/frameworks/mini/hiview_log.c:189:12: warning: 'return' with a value, in function returning void
     return HiviewUnRegisterHieventProc(func);
            ^~~~~~~~~~~~~~~~~~~~~~~~~~~~~~~~~
../../../base/hiviewdfx/hilog_lite/frameworks/mini/hiview_log.c:187:6: note: declared here
 void HiLogUnRegisterProc(HilogProc func)
      ^~~~~~~~~~~~~~~~~~~
[32/303] gcc cross compiler obj/base/update/ota_lite/frameworks/source/updater/libhota.hota_updater.o
In file included from ../../../base/update/ota_lite/frameworks/source/updater/hota_updater.c:23:0:
../../../base/update/ota_lite/hals/hal_hota_board.h:111:1: warning: function declaration isn't a prototype [-Wstrict-prototypes]
 const ComponentTableInfo *HotaHalGetPartitionInfo();
 ^~~~~
../../../base/update/ota_lite/frameworks/source/updater/hota_updater.c: In function 'GetCurrentDloadCompPartition':
../../../base/update/ota_lite/frameworks/source/updater/hota_updater.c:433:21: warning: pointer targets in passing argument 1 of 'strncmp' differ in signedness [-Wpointer-sign]
         if (strncmp((unsigned char *)(g_otaComponents[i].componentName),
                     ^
In file included from ../../../third_party/bounds_checking_function/include/securectype.h:301:0,
                 from ../../../third_party/bounds_checking_function/include/securec.h:21,
                 from ../../../base/update/ota_lite/frameworks/source/updater/hota_updater.c:21:
../../../device/hisilicon/hispark_pegasus/sdk_liteos/platform/os/Huawei_LiteOS/components/lib/libc/musl/include/string.h:280:5: note: expected 'const char *' but argument is of type 'unsigned char *'
 int strncmp (const char *, const char *, size_t);
     ^~~~~~~
../../../base/update/ota_lite/frameworks/source/updater/hota_updater.c:434:13: warning: pointer targets in passing argument 2 of 'strncmp' differ in signedness [-Wpointer-sign]
             g_componentInfos.table[g_currentDloadComp.index - 1].addr,
             ^~~~~~~~~~~~~~~~
In file included from ../../../third_party/bounds_checking_function/include/securectype.h:301:0,
                 from ../../../third_party/bounds_checking_function/include/securec.h:21,
                 from ../../../base/update/ota_lite/frameworks/source/updater/hota_updater.c:21:
../../../device/hisilicon/hispark_pegasus/sdk_liteos/platform/os/Huawei_LiteOS/components/lib/libc/musl/include/string.h:280:5: note: expected 'const char *' but argument is of type 'unsigned char *'
 int strncmp (const char *, const char *, size_t);
     ^~~~~~~
../../../base/update/ota_lite/frameworks/source/updater/hota_updater.c: In function 'HotaInit':
../../../base/update/ota_lite/frameworks/source/updater/hota_updater.c:583:21: warning: assignment discards 'const' qualifier from pointer target type [-Wdiscarded-qualifiers]
     g_otaComponents = HotaHalGetPartitionInfo();
                     ^
[33/303] gcc cross compiler obj/base/update/ota_lite/frameworks/source/verify/libhota.hota_verify.o
In file included from ../../../base/update/ota_lite/frameworks/source/verify/hota_verify.c:21:0:
../../../base/update/ota_lite/hals/hal_hota_board.h:111:1: warning: function declaration isn't a prototype [-Wstrict-prototypes]
 const ComponentTableInfo *HotaHalGetPartitionInfo();
 ^~~~~
[34/303] gcc cross compiler obj/base/security/deviceauth/frameworks/deviceauth_lite/source/json/libhichainsdk.commonutil.o
[35/303] gcc cross compiler obj/base/security/deviceauth/frameworks/deviceauth_lite/source/key_agreement/libhichainsdk.key_agreement_server.o
[36/303] gcc cross compiler obj/base/startup/bootstrap_lite/services/source/libbootstrap.bootstrap_service.o
[37/303] gcc cross compiler obj/base/security/deviceauth/frameworks/deviceauth_lite/source/key_agreement/libhichainsdk.pake_client.o
[38/303] gcc cross compiler obj/base/security/deviceauth/frameworks/deviceauth_lite/source/key_agreement/libhichainsdk.pake_server.o
[39/303] gcc cross compiler obj/base/security/deviceauth/frameworks/deviceauth_lite/source/schedule/libhichainsdk.distribution.o
[40/303] gcc cross compiler obj/base/security/deviceauth/frameworks/deviceauth_lite/source/struct/libhichainsdk.add_auth_info_response.o
[41/303] gcc cross compiler obj/base/security/deviceauth/frameworks/deviceauth_lite/source/struct/libhichainsdk.auth_ack_request.o
[42/303] gcc cross compiler obj/base/security/deviceauth/frameworks/deviceauth_lite/source/struct/libhichainsdk.auth_start_response.o
[43/303] gcc cross compiler obj/base/security/deviceauth/frameworks/deviceauth_lite/source/struct/libhichainsdk.auth_ack_response.o
[44/303] gcc cross compiler obj/base/security/deviceauth/frameworks/deviceauth_lite/source/struct/libhichainsdk.auth_start_request.o
[45/303] gcc cross compiler obj/base/security/deviceauth/frameworks/deviceauth_lite/source/struct/libhichainsdk.exchange_auth_data.o
[46/303] STAMP obj/applications/sample/wifi-iot/app/app.stamp
[47/303] gcc cross compiler obj/base/security/deviceauth/frameworks/deviceauth_lite/source/struct/libhichainsdk.exchange_request.o
[48/303] gcc cross compiler obj/base/security/deviceauth/frameworks/deviceauth_lite/source/struct/libhichainsdk.inform_message.o
[49/303] gcc cross compiler obj/base/security/deviceauth/frameworks/deviceauth_lite/source/struct/libhichainsdk.exchange_response.o
[50/303] gcc cross compiler obj/base/security/deviceauth/frameworks/deviceauth_lite/source/struct/libhichainsdk.import_add_auth_data.o
[51/303] gcc cross compiler obj/base/security/deviceauth/frameworks/deviceauth_lite/source/struct/libhichainsdk.pake_client_confirm.o
[52/303] gcc cross compiler obj/base/security/deviceauth/frameworks/deviceauth_lite/source/struct/libhichainsdk.key_agreement_version.o
[53/303] gcc cross compiler obj/base/security/deviceauth/frameworks/deviceauth_lite/source/struct/libhichainsdk.pake_request.o
[54/303] AR libs/libhiview_lite.a
[55/303] gcc cross compiler obj/base/security/deviceauth/frameworks/deviceauth_lite/source/struct/libhichainsdk.rmv_auth_info_data.o
[56/303] gcc cross compiler obj/base/security/deviceauth/frameworks/deviceauth_lite/source/struct/libhichainsdk.rmv_auth_info_response.o
[57/303] STAMP obj/base/security/huks/frameworks/huks_lite/huks_sdk.stamp
[58/303] STAMP obj/base/startup/syspara_lite/frameworks/token/token_notes.stamp
[59/303] gcc cross compiler obj/base/security/deviceauth/frameworks/deviceauth_lite/source/libhichainsdk.hichain.o
[60/303] gcc cross compiler obj/third_party/cJSON/libcjson_static.cJSON_Utils.o
[61/303] gcc cross compiler obj/base/security/deviceauth/frameworks/deviceauth_lite/source/key_agreement/libhichainsdk.sts_server.o
[62/303] gcc cross compiler obj/base/security/deviceauth/frameworks/deviceauth_lite/source/schedule/libhichainsdk.build_object.o
[63/303] gcc cross compiler obj/base/security/deviceauth/frameworks/deviceauth_lite/source/struct/libhichainsdk.parsedata.o
[64/303] gcc cross compiler obj/base/security/deviceauth/frameworks/deviceauth_lite/source/struct/libhichainsdk.pake_response.o
[65/303] gcc cross compiler obj/base/security/deviceauth/frameworks/deviceauth_lite/source/struct/libhichainsdk.pake_server_confirm.o
[66/303] gcc cross compiler obj/base/security/deviceauth/frameworks/deviceauth_lite/source/struct/libhichainsdk.rmv_auth_info_request.o
[67/303] gcc cross compiler obj/base/security/deviceauth/frameworks/deviceauth_lite/source/struct/libhichainsdk.sec_clone_data.o
[68/303] gcc cross compiler obj/base/startup/bootstrap_lite/services/source/libbootstrap.system_init.o
[69/303] gcc cross compiler obj/base/startup/syspara_lite/frameworks/parameter/src/param_impl_hal/libsysparam.param_impl_hal.o
[70/303] gcc cross compiler obj/base/startup/syspara_lite/frameworks/token/src/token_impl_hal/libtoken_static.token.o
[71/303] gcc cross compiler obj/device/hisilicon/hispark_pegasus/hi3861_adapter/hals/iot_hardware/wifiiot_lite/libhal_iothardware.hal_iot_pwm.o
[72/303] gcc cross compiler obj/device/hisilicon/hispark_pegasus/hi3861_adapter/hals/iot_hardware/wifiiot_lite/libhal_iothardware.hal_iot_uart.o
[73/303] gcc cross compiler obj/device/hisilicon/hispark_pegasus/hi3861_adapter/hals/iot_hardware/wifiiot_lite/libhal_iothardware.hal_iot_watchdog.o
[74/303] gcc cross compiler obj/device/hisilicon/hispark_pegasus/hi3861_adapter/hals/iot_hardware/wifiiot_lite/libhal_iothardware.hal_reset.o
[75/303] STAMP obj/device/hisilicon/hispark_pegasus/hispark_pegasus.stamp
[76/303] gcc cross compiler obj/device/hisilicon/hispark_pegasus/hi3861_adapter/hals/iot_hardware/wifiiot_lite/libhal_iothardware.hal_iot_flash.o
[77/303] gcc cross compiler obj/device/hisilicon/hispark_pegasus/hi3861_adapter/hals/iot_hardware/wifiiot_lite/libhal_iothardware.hal_iot_gpio.o
[78/303] gcc cross compiler obj/device/hisilicon/hispark_pegasus/hi3861_adapter/hals/communication/wifi_lite/wifiaware/source/libhal_wifiaware.hal_wifiaware.o
[79/303] gcc cross compiler obj/device/hisilicon/hispark_pegasus/hi3861_adapter/hals/iot_hardware/wifiiot_lite/libhal_iothardware.hal_lowpower.o
[80/303] gcc cross compiler obj/device/hisilicon/hispark_pegasus/hi3861_adapter/hals/utils/file/src/libhal_file_static.hal_file.o
[81/303] gcc cross compiler obj/device/hisilicon/hispark_pegasus/hi3861_adapter/kal/posix/src/libposix.libc.o
[82/303] STAMP obj/domains/iot/link/link.stamp
[83/303] AR libs/libhievent_lite.a
[84/303] AR libs/libhilog_lite.a
[85/303] gcc cross compiler obj/base/security/deviceauth/frameworks/deviceauth_lite/source/huks_adapter/libhichainsdk.huks_adapter.o
[86/303] gcc cross compiler obj/base/startup/syspara_lite/frameworks/parameter/src/libsysparam.parameter_common.o
[87/303] gcc cross compiler obj/device/hisilicon/hispark_pegasus/hi3861_adapter/hals/iot_hardware/wifiiot_lite/libhal_iothardware.hal_iot_i2c.o
../../../device/hisilicon/hispark_pegasus/hi3861_adapter/hals/iot_hardware/wifiiot_lite/hal_iot_i2c.c: In function 'IoTI2cWrite':
../../../device/hisilicon/hispark_pegasus/hi3861_adapter/hals/iot_hardware/wifiiot_lite/hal_iot_i2c.c:25:22: warning: assignment discards 'const' qualifier from pointer target type [-Wdiscarded-qualifiers]
     i2cData.send_buf = data;
                      ^
[88/303] gcc cross compiler obj/device/hisilicon/hispark_pegasus/hi3861_adapter/hals/communication/wifi_lite/wifiservice/source/libwifiservice.wifi_device_util.o
[89/303] gcc cross compiler obj/device/hisilicon/hispark_pegasus/hi3861_adapter/hals/update/libhal_update_static.hal_hota_board.o
In file included from ../../../device/hisilicon/hispark_pegasus/hi3861_adapter/hals/update/hal_hota_board.c:16:0:
../../../base/update/ota_lite/hals/hal_hota_board.h:111:1: warning: function declaration isn't a prototype [-Wstrict-prototypes]
 const ComponentTableInfo *HotaHalGetPartitionInfo();
 ^~~~~
../../../device/hisilicon/hispark_pegasus/hi3861_adapter/hals/update/hal_hota_board.c:148:27: warning: function declaration isn't a prototype [-Wstrict-prototypes]
 const ComponentTableInfo *HotaHalGetPartitionInfo()
                           ^~~~~~~~~~~~~~~~~~~~~~~
../../../device/hisilicon/hispark_pegasus/hi3861_adapter/hals/update/hal_hota_board.c: In function 'HotaHalGetOtaPkgPath':
../../../device/hisilicon/hispark_pegasus/hi3861_adapter/hals/update/hal_hota_board.c:172:15: warning: implicit declaration of function 'strcpy_s' [-Wimplicit-function-declaration]
     int ret = strcpy_s(path, len ,"/sdcard");
               ^~~~~~~~
../../../device/hisilicon/hispark_pegasus/hi3861_adapter/hals/update/hal_hota_board.c: In function 'HotaHalGetMetaData':
../../../device/hisilicon/hispark_pegasus/hi3861_adapter/hals/update/hal_hota_board.c:184:40: warning: unused parameter 'metaData' [-Wunused-parameter]
 int HotaHalGetMetaData(UpdateMetaData *metaData)
                                        ^~~~~~~~
../../../device/hisilicon/hispark_pegasus/hi3861_adapter/hals/update/hal_hota_board.c: In function 'HotaHalSetMetaData':
../../../device/hisilicon/hispark_pegasus/hi3861_adapter/hals/update/hal_hota_board.c:189:40: warning: unused parameter 'metaData' [-Wunused-parameter]
 int HotaHalSetMetaData(UpdateMetaData *metaData)
                                        ^~~~~~~~
[90/303] gcc cross compiler obj/foundation/communication/softbus_lite/authmanager/source/libauthmanager.auth_conn.o
[91/303] gcc cross compiler obj/foundation/communication/softbus_lite/authmanager/source/libauthmanager.auth_interface.o
[92/303] gcc cross compiler obj/foundation/communication/softbus_lite/authmanager/source/libauthmanager.bus_manager.o
[93/303] gcc cross compiler obj/foundation/communication/softbus_lite/authmanager/source/libauthmanager.msg_get_deviceid.o
[94/303] gcc cross compiler obj/device/hisilicon/hispark_pegasus/hi3861_adapter/kal/posix/src/libposix.file.o
[95/303] gcc cross compiler obj/device/hisilicon/hispark_pegasus/hi3861_adapter/kal/posix/src/libposix.pthread.o
[96/303] gcc cross compiler obj/device/hisilicon/hispark_pegasus/hi3861_adapter/kal/posix/src/libposix.pthread_attr.o
[97/303] gcc cross compiler obj/device/hisilicon/hispark_pegasus/hi3861_adapter/kal/posix/src/libposix.time.o
[98/303] gcc cross compiler obj/foundation/communication/softbus_lite/discovery/coap/source/libdiscovery.json_payload.o
[99/303] gcc cross compiler obj/foundation/communication/softbus_lite/discovery/coap/source/libdiscovery.coap_socket.o
[100/303] gcc cross compiler obj/foundation/communication/softbus_lite/discovery/coap/source/libdiscovery.nstackx_common.o
[101/303] gcc cross compiler obj/foundation/communication/softbus_lite/discovery/coap/source/libdiscovery.nstackx_device.o
[102/303] gcc cross compiler obj/foundation/communication/softbus_lite/discovery/discovery_service/source/libdiscovery.coap_service.o
[103/303] gcc cross compiler obj/foundation/communication/softbus_lite/os_adapter/source/L0/libdiscovery.os_adapter.o
[104/303] AR libs/libbootstrap.a
[105/303] gcc cross compiler obj/foundation/distributedschedule/samgr_lite/samgr/registry/libsamgr.service_registry.o
[106/303] COPY ../../../foundation/distributedschedule/samgr_lite/config/system_capability.json obj/foundation/distributedschedule/samgr_lite/config/system_capability.json
[107/303] AR libs/libhal_wifiaware.a
[108/303] AR libs/libhal_file_static.a
[109/303] STAMP obj/domains/iot/link/iot.stamp
[110/303] gcc cross compiler obj/device/hisilicon/hispark_pegasus/hi3861_adapter/hals/communication/wifi_lite/wifiservice/source/libwifiservice.wifi_hotspot.o
../../../device/hisilicon/hispark_pegasus/hi3861_adapter/hals/communication/wifi_lite/wifiservice/source/wifi_hotspot.c: In function 'GetPeerSTAWifiIp':
../../../device/hisilicon/hispark_pegasus/hi3861_adapter/hals/communication/wifi_lite/wifiservice/source/wifi_hotspot.c:236:52: warning: passing argument 2 of 'netifapi_dhcps_get_client_ip' discards 'const' qualifier from pointer target type [-Wdiscarded-qualifiers]
     ret = netifapi_dhcps_get_client_ip(netif_node, macAddress, macLen, &clientIP);
                                                    ^~~~~~~~~~
In file included from ../../../device/hisilicon/hispark_pegasus/hi3861_adapter/hals/communication/wifi_lite/wifiservice/source/wifi_hotspot.c:19:0:
../../../device/hisilicon/hispark_pegasus/sdk_liteos/third_party/lwip_sack/include/lwip/netifapi.h:1155:7: note: expected 'u8_t * {aka unsigned char *}' but argument is of type 'const unsigned char *'
 err_t netifapi_dhcps_get_client_ip(struct netif *netif, u8_t *mac, u8_t maclen, ip_addr_t *ip);
       ^~~~~~~~~~~~~~~~~~~~~~~~~~~~
../../../device/hisilicon/hispark_pegasus/hi3861_adapter/hals/communication/wifi_lite/wifiservice/source/wifi_hotspot.c:236:72: warning: passing argument 4 of 'netifapi_dhcps_get_client_ip' from incompatible pointer type [-Wincompatible-pointer-types]
     ret = netifapi_dhcps_get_client_ip(netif_node, macAddress, macLen, &clientIP);
                                                                        ^
In file included from ../../../device/hisilicon/hispark_pegasus/hi3861_adapter/hals/communication/wifi_lite/wifiservice/source/wifi_hotspot.c:19:0:
../../../device/hisilicon/hispark_pegasus/sdk_liteos/third_party/lwip_sack/include/lwip/netifapi.h:1155:7: note: expected 'ip_addr_t * {aka struct ip_addr *}' but argument is of type 'ip4_addr_t * {aka struct ip4_addr *}'
 err_t netifapi_dhcps_get_client_ip(struct netif *netif, u8_t *mac, u8_t maclen, ip_addr_t *ip);
       ^~~~~~~~~~~~~~~~~~~~~~~~~~~~
[111/303] gcc cross compiler obj/device/hisilicon/hispark_pegasus/hi3861_adapter/hals/communication/wifi_lite/wifiservice/source/libwifiservice.wifi_device.o
../../../device/hisilicon/hispark_pegasus/hi3861_adapter/hals/communication/wifi_lite/wifiservice/source/wifi_device.c:37:5: warning: braces around scalar initializer
     {0}, {0}, {0}, 0, WIFI_CONFIG_INVALID, 0, 0, UNKNOWN, {0, 0, {0, 0}, 0}
     ^
../../../device/hisilicon/hispark_pegasus/hi3861_adapter/hals/communication/wifi_lite/wifiservice/source/wifi_device.c:37:5: note: (near initialization for 'g_wifiConfigs[3].ssid[5]')
../../../device/hisilicon/hispark_pegasus/hi3861_adapter/hals/communication/wifi_lite/wifiservice/source/wifi_device.c:37:63: warning: excess elements in scalar initializer
     {0}, {0}, {0}, 0, WIFI_CONFIG_INVALID, 0, 0, UNKNOWN, {0, 0, {0, 0}, 0}
                                                               ^
../../../device/hisilicon/hispark_pegasus/hi3861_adapter/hals/communication/wifi_lite/wifiservice/source/wifi_device.c:37:63: note: (near initialization for 'g_wifiConfigs[3].ssid[5]')
../../../device/hisilicon/hispark_pegasus/hi3861_adapter/hals/communication/wifi_lite/wifiservice/source/wifi_device.c:37:5: warning: braces around scalar initializer
     {0}, {0}, {0}, 0, WIFI_CONFIG_INVALID, 0, 0, UNKNOWN, {0, 0, {0, 0}, 0}
     ^
../../../device/hisilicon/hispark_pegasus/hi3861_adapter/hals/communication/wifi_lite/wifiservice/source/wifi_device.c:37:5: note: (near initialization for 'g_wifiConfigs[3].ssid[5]')
../../../device/hisilicon/hispark_pegasus/hi3861_adapter/hals/communication/wifi_lite/wifiservice/source/wifi_device.c:37:70: warning: excess elements in scalar initializer
     {0}, {0}, {0}, 0, WIFI_CONFIG_INVALID, 0, 0, UNKNOWN, {0, 0, {0, 0}, 0}
                                                                      ^
../../../device/hisilicon/hispark_pegasus/hi3861_adapter/hals/communication/wifi_lite/wifiservice/source/wifi_device.c:37:70: note: (near initialization for 'g_wifiConfigs[3].ssid[5]')
../../../device/hisilicon/hispark_pegasus/hi3861_adapter/hals/communication/wifi_lite/wifiservice/source/wifi_device.c:37:66: warning: excess elements in scalar initializer
     {0}, {0}, {0}, 0, WIFI_CONFIG_INVALID, 0, 0, UNKNOWN, {0, 0, {0, 0}, 0}
                                                                  ^
../../../device/hisilicon/hispark_pegasus/hi3861_adapter/hals/communication/wifi_lite/wifiservice/source/wifi_device.c:37:66: note: (near initialization for 'g_wifiConfigs[3].ssid[5]')
../../../device/hisilicon/hispark_pegasus/hi3861_adapter/hals/communication/wifi_lite/wifiservice/source/wifi_device.c:37:74: warning: excess elements in scalar initializer
     {0}, {0}, {0}, 0, WIFI_CONFIG_INVALID, 0, 0, UNKNOWN, {0, 0, {0, 0}, 0}
                                                                          ^
../../../device/hisilicon/hispark_pegasus/hi3861_adapter/hals/communication/wifi_lite/wifiservice/source/wifi_device.c:37:74: note: (near initialization for 'g_wifiConfigs[3].ssid[5]')
../../../device/hisilicon/hispark_pegasus/hi3861_adapter/hals/communication/wifi_lite/wifiservice/source/wifi_device.c:38:1: warning: missing initializer for field 'bssid' of 'WifiDeviceConfig {aka struct WifiDeviceConfig}' [-Wmissing-field-initializers]
 };
 ^
In file included from ../../../foundation/communication/wifi_lite/interfaces/wifiservice/wifi_linked_info.h:40:0,
                 from ../../../foundation/communication/wifi_lite/interfaces/wifiservice/wifi_event.h:41,
                 from ../../../foundation/communication/wifi_lite/interfaces/wifiservice/wifi_device.h:41,
                 from ../../../device/hisilicon/hispark_pegasus/hi3861_adapter/hals/communication/wifi_lite/wifiservice/source/wifi_device.c:16:
../../../foundation/communication/wifi_lite/interfaces/wifiservice/wifi_device_config.h:161:19: note: 'bssid' declared here
     unsigned char bssid[WIFI_MAC_LEN];
                   ^~~~~
../../../device/hisilicon/hispark_pegasus/hi3861_adapter/hals/communication/wifi_lite/wifiservice/source/wifi_device.c:36:63: warning: missing braces around initializer [-Wmissing-braces]
 static WifiDeviceConfig g_wifiConfigs[WIFI_MAX_CONFIG_SIZE] = {
                                                               ^
     {0}, {0}, {0}, 0, WIFI_CONFIG_INVALID, 0, 0, UNKNOWN, {0, 0, {0, 0}, 0}
      {}   {}   {}  {
                    {
 };
 }
 }
../../../device/hisilicon/hispark_pegasus/hi3861_adapter/hals/communication/wifi_lite/wifiservice/source/wifi_device.c: In function 'StaSetLocaladdr':
../../../device/hisilicon/hispark_pegasus/hi3861_adapter/hals/communication/wifi_lite/wifiservice/source/wifi_device.c:76:29: warning: passing argument 1 of 'netifapi_netif_set_addr' discards 'const' qualifier from pointer target type [-Wdiscarded-qualifiers]
     netifapi_netif_set_addr(netif, &st_ipaddr, &st_netmask, &st_gw);
                             ^~~~~
In file included from ../../../device/hisilicon/hispark_pegasus/hi3861_adapter/hals/communication/wifi_lite/wifiservice/source/wifi_device.c:23:0:
../../../device/hisilicon/hispark_pegasus/sdk_liteos/third_party/lwip_sack/include/lwip/netifapi.h:402:7: note: expected 'struct netif *' but argument is of type 'const struct netif *'
 err_t netifapi_netif_set_addr(struct netif *netif,
       ^~~~~~~~~~~~~~~~~~~~~~~
../../../device/hisilicon/hispark_pegasus/hi3861_adapter/hals/communication/wifi_lite/wifiservice/source/wifi_device.c: In function 'StaSetDNSServer':
../../../device/hisilicon/hispark_pegasus/hi3861_adapter/hals/communication/wifi_lite/wifiservice/source/wifi_device.c:89:9: warning: implicit declaration of function 'lwip_dns_setserver'; did you mean 'nd_ns_reserved'? [-Wimplicit-function-declaration]
         lwip_dns_setserver(i, &tmp_dns_ser[i]);
         ^~~~~~~~~~~~~~~~~~
         nd_ns_reserved
[112/303] gcc cross compiler obj/device/hisilicon/hispark_pegasus/hi3861_adapter/kal/cmsis/libcmsis.cmsis_liteos.o
[113/303] gcc cross compiler obj/test/xts/acts/security_lite/datahuks_hal/src/libmodule_ActsSecurityDataTest.security_data_huks_export_hash_random_test.o
[114/303] gcc cross compiler obj/test/xts/acts/security_lite/datahuks_hal/src/libmodule_ActsSecurityDataTest.security_data_huks_gen_del_test.o
[115/303] gcc cross compiler obj/foundation/communication/softbus_lite/authmanager/source/libauthmanager.wifi_auth_manager.o
[116/303] gcc cross compiler obj/foundation/communication/softbus_lite/discovery/coap/source/libdiscovery.coap_discover.o
[117/303] gcc cross compiler obj/foundation/communication/softbus_lite/discovery/coap/source/libdiscovery.coap_adapter.o
[118/303] gcc cross compiler obj/foundation/communication/softbus_lite/discovery/discovery_service/source/libdiscovery.common_info_manager.o
[119/303] gcc cross compiler obj/foundation/communication/softbus_lite/discovery/discovery_service/source/libdiscovery.discovery_service.o
[120/303] gcc cross compiler obj/foundation/distributedschedule/samgr_lite/samgr/adapter/cmsis/libsamgr_adapter.memory_adapter.o
cc1: warning: ../../../kernel/liteos_m/kal/posix/include/malloc.h: not a directory
[121/303] gcc cross compiler obj/foundation/distributedschedule/samgr_lite/samgr/adapter/cmsis/libsamgr_adapter.queue_adapter.o
cc1: warning: ../../../kernel/liteos_m/kal/posix/include/malloc.h: not a directory
[122/303] gcc cross compiler obj/foundation/distributedschedule/samgr_lite/samgr/adapter/cmsis/libsamgr_adapter.thread_adapter.o
cc1: warning: ../../../kernel/liteos_m/kal/posix/include/malloc.h: not a directory
[123/303] gcc cross compiler obj/foundation/distributedschedule/samgr_lite/samgr/adapter/cmsis/libsamgr_adapter.time_adapter.o
cc1: warning: ../../../kernel/liteos_m/kal/posix/include/malloc.h: not a directory
[124/303] gcc cross compiler obj/foundation/communication/softbus_lite/trans_service/source/libdistbus/libtrans_service.auth_conn_manager.o
[125/303] gcc cross compiler obj/foundation/communication/softbus_lite/trans_service/source/libdistbus/libtrans_service.tcp_session.o
[126/303] gcc cross compiler obj/foundation/distributedschedule/samgr_lite/communication/broadcast/source/libbroadcast.pub_sub_implement.o
[127/303] gcc cross compiler obj/foundation/communication/softbus_lite/trans_service/source/libdistbus/libtrans_service.trans_lock.o
[128/303] gcc cross compiler obj/foundation/communication/softbus_lite/trans_service/source/utils/libtrans_service.message.o
[129/303] gcc cross compiler obj/foundation/communication/softbus_lite/trans_service/source/utils/libtrans_service.aes_gcm.o
[130/303] STAMP obj/base/hiviewdfx/hilog_lite/frameworks/mini/hilog_lite_ndk.stamp
[131/303] AR libs/libhichainsdk.a
[132/303] AR libs/libhal_iothardware.a
[133/303] gcc cross compiler obj/foundation/communication/wifi_aware/frameworks/source/libwifiaware.wifiaware.o
[134/303] AR libs/libhal_update_static.a
[135/303] gcc cross compiler obj/foundation/distributedschedule/samgr_lite/communication/broadcast/source/libbroadcast.broadcast_service.o
[136/303] gcc cross compiler obj/foundation/distributedschedule/samgr_lite/communication/broadcast/source/libbroadcast.pub_sub_feature.o
[137/303] gcc cross compiler obj/foundation/distributedschedule/samgr_lite/samgr/source/libsamgr_source.common.o
[138/303] gcc cross compiler obj/foundation/distributedschedule/samgr_lite/samgr/source/libsamgr_source.feature.o
[139/303] gcc cross compiler obj/foundation/distributedschedule/samgr_lite/samgr/source/libsamgr_source.iunknown.o
[140/303] AR libs/libposix.a
[141/303] STAMP obj/foundation/distributedschedule/samgr_lite/ConfigFiles.stamp
[142/303] gcc cross compiler obj/foundation/distributedschedule/samgr_lite/samgr/source/libsamgr.samgr_lite.o
[143/303] gcc cross compiler obj/foundation/distributeddatamgr/appdatamgr/appdatamgr_lite/dbm_kv_store/src/kv_store_impl_hal/libfoundation_dbm_kv_store.dbm_kv_store.o
../../../foundation/distributeddatamgr/appdatamgr/appdatamgr_lite/dbm_kv_store/src/kv_store_impl_hal/dbm_kv_store.c: In function 'Get':
../../../foundation/distributeddatamgr/appdatamgr/appdatamgr_lite/dbm_kv_store/src/kv_store_impl_hal/dbm_kv_store.c:775:10: warning: implicit declaration of function 'IsValidKey'; did you mean 'IsValidPath'? [-Wimplicit-function-declaration]
     if (!IsValidKey(key) || (value == NULL) || (count > MAX_GET_VALUE_LEN)) {
          ^~~~~~~~~~
          IsValidPath
[144/303] gcc cross compiler obj/foundation/communication/softbus_lite/trans_service/source/utils/libtrans_service.tcp_socket.o
[145/303] gcc cross compiler obj/foundation/distributedschedule/samgr_lite/samgr/source/libsamgr_source.message.o
[146/303] gcc cross compiler obj/foundation/distributedschedule/samgr_lite/samgr/source/libsamgr_source.service.o
[147/303] gcc cross compiler obj/foundation/distributedschedule/samgr_lite/samgr/source/libsamgr_source.task_manager.o
[148/303] gcc cross compiler obj/test/xts/acts/distributed_schedule_lite/system_ability_manager_hal/src/libmodule_ActsSamgrTest.broadcast_publish_func_test.o
[149/303] gcc cross compiler obj/test/xts/acts/distributed_schedule_lite/system_ability_manager_hal/src/libmodule_ActsSamgrTest.broadcast_subscribe_func_test.o
[150/303] gcc cross compiler obj/test/xts/acts/distributed_schedule_lite/system_ability_manager_hal/src/libmodule_ActsSamgrTest.common_func_test.o
[151/303] gcc cross compiler obj/test/xts/acts/distributed_schedule_lite/system_ability_manager_hal/src/libmodule_ActsSamgrTest.defaultfeatureapi_func_test.o
[152/303] gcc cross compiler obj/test/xts/acts/distributed_schedule_lite/system_ability_manager_hal/src/libmodule_ActsSamgrTest.feature_func_test.o
[153/303] gcc cross compiler obj/test/xts/acts/distributed_schedule_lite/system_ability_manager_hal/src/libmodule_ActsSamgrTest.taskpool_notask_func_test.o
[154/303] AR libs/libwifiservice.a
[155/303] AR libs/libcmsis.a
[156/303] AR libs/libauthmanager.a
[157/303] gcc cross compiler obj/test/xts/acts/distributed_schedule_lite/system_ability_manager_hal/utils/libmodule_ActsSamgrTest.samgr_maintenance.o
[158/303] gcc cross compiler obj/test/xts/acts/distributed_schedule_lite/system_ability_manager_hal/src/libmodule_ActsSamgrTest.taskpool_specifiedtask_func_test.o
[159/303] AR libs/libdiscovery.a
[160/303] AR libs/libsamgr_adapter.a
[161/303] STAMP obj/base/security/deviceauth/frameworks/deviceauth_lite/hichainsdk.stamp
[162/303] STAMP obj/base/iot_hardware/peripheral/iothardware.stamp
[163/303] STAMP obj/base/iot_hardware/peripheral/iothardware_ndk.stamp
[164/303] AR libs/libwifiaware.a
[165/303] AR libs/libbroadcast.a
[166/303] gcc cross compiler obj/third_party/cJSON/libcjson_static.cJSON.o
[167/303] gcc cross compiler obj/foundation/communication/softbus_lite/trans_service/source/libdistbus/libtrans_service.tcp_session_manager.o
[168/303] gcc cross compiler obj/test/xts/acts/distributed_schedule_lite/system_ability_manager_hal/src/libmodule_ActsSamgrTest.featureapi_func_test.o
[169/303] gcc cross compiler obj/test/xts/acts/distributed_schedule_lite/system_ability_manager_hal/src/libmodule_ActsSamgrTest.taskpool_sharedtask_func_test.o
[170/303] gcc cross compiler obj/test/xts/acts/distributed_schedule_lite/system_ability_manager_hal/src/libmodule_ActsSamgrTest.taskpool_singletask_func_test.o
[171/303] gcc cross compiler obj/test/xts/acts/kernel_lite/kernelcmsis_hal/src/libmodule_ActsCMSISTest.cmsis_event_func_test.o
[172/303] gcc cross compiler obj/test/xts/acts/kernel_lite/kernelcmsis_hal/src/libmodule_ActsCMSISTest.cmsis_msg_func_test.o
[173/303] gcc cross compiler obj/test/xts/acts/hiviewdfx_lite/hilog_hal/src/libmodule_ActsDfxFuncTest.dfx_hilog.o
[174/303] gcc cross compiler obj/test/xts/acts/distributed_schedule_lite/system_ability_manager_hal/src/libmodule_ActsSamgrTest.iunknown_func_test.o
[175/303] gcc cross compiler obj/test/xts/acts/distributed_schedule_lite/system_ability_manager_hal/src/libmodule_ActsSamgrTest.sendresponse_func_test.o
[176/303] gcc cross compiler obj/test/xts/acts/distributed_schedule_lite/system_ability_manager_hal/src/libmodule_ActsSamgrTest.sendsharerequest_func_test.o
[177/303] gcc cross compiler obj/test/xts/acts/distributed_schedule_lite/system_ability_manager_hal/src/libmodule_ActsSamgrTest.service_func_test.o
[178/303] gcc cross compiler obj/test/xts/acts/update_lite/updater_hal/src/libmodule_ActsUpdaterFuncTest.ota_func_test.o
[179/303] gcc cross compiler obj/test/xts/acts/iot_hardware_lite/iot_controller_hal/src/libmodule_ActsWifiIotTest.iot_flash_test.o
[180/303] gcc cross compiler obj/test/xts/acts/iot_hardware_lite/iot_controller_hal/src/libmodule_ActsWifiIotTest.iot_gpio_test.o
[181/303] gcc cross compiler obj/test/xts/acts/iot_hardware_lite/iot_controller_hal/src/libmodule_ActsWifiIotTest.iot_i2c_test.o
[182/303] gcc cross compiler obj/test/xts/acts/iot_hardware_lite/iot_controller_hal/src/libmodule_ActsWifiIotTest.iot_watchdog_test.o
[183/303] gcc cross compiler obj/test/xts/acts/iot_hardware_lite/iot_controller_hal/src/libmodule_ActsWifiIotTest.lowpower_test.o
[184/303] AR libs/libfoundation_dbm_kv_store.a
[185/303] gcc cross compiler obj/test/xts/acts/iot_hardware_lite/iot_controller_hal/src/libmodule_ActsWifiIotTest.reset_test.o
[186/303] gcc cross compiler obj/test/xts/acts/iot_hardware_lite/iot_controller_hal/src/libmodule_ActsWifiIotTest.iot_pwm_test.o
[187/303] STAMP obj/device/hisilicon/hispark_pegasus/hi3861_adapter/hals/communication/wifi_lite/wifiservice/wifiservice_ndk.stamp
[188/303] STAMP obj/device/hisilicon/hispark_pegasus/hi3861_adapter/kal/kal.stamp
[189/303] STAMP obj/foundation/communication/wifi_lite/wifi.stamp
[190/303] STAMP obj/foundation/communication/softbus_lite/discovery_ndk.stamp
[191/303] AR libs/libsamgr_source.a
[192/303] gcc cross compiler obj/test/xts/acts/kernel_lite/kernelcmsis_hal/src/libmodule_ActsCMSISTest.cmsis_mutex_func_test.o
[193/303] gcc cross compiler obj/test/xts/acts/distributed_schedule_lite/system_ability_manager_hal/src/libmodule_ActsSamgrTest.sendrequest_func_test.o
[194/303] gcc cross compiler obj/test/xts/acts/iot_hardware_lite/iot_controller_hal/src/libmodule_ActsWifiIotTest.iot_uart_test.o
[195/303] gcc cross compiler obj/test/xts/acts/startup_lite/syspara_hal/src/libmodule_ActsParameterTest.parameter_utils.o
[196/303] AR libs/libcjson_static.a
[197/303] AR libs/libtrans_service.a
[198/303] STAMP obj/vendor/hisilicon/hispark_pegasus/hispark_pegasus.stamp
[199/303] STAMP obj/foundation/distributeddatamgr/appdatamgr/appdatamgr_lite/dbm_kv_store.stamp
[200/303] gcc cross compiler obj/test/xts/acts/communication_lite/softbus_hal/src/libmodule_ActsSoftBusTest.softbus_func_test.o
../../../test/xts/acts/communication_lite/softbus_hal/src/softbus_func_test.c: In function 'testSessionSample_runTest':
../../../test/xts/acts/communication_lite/softbus_hal/src/softbus_func_test.c:828:31: warning: pointer targets in passing argument 2 of 'SendBytes' differ in signedness [-Wpointer-sign]
     ret = SendBytes(randomId, sampleCharData, size);
                               ^~~~~~~~~~~~~~
In file included from ../../../test/xts/acts/communication_lite/softbus_hal/src/softbus_func_test.c:18:0:
../../../foundation/communication/softbus_lite/interfaces/kits/transport/session.h:135:5: note: expected 'const unsigned char *' but argument is of type 'char *'
 int SendBytes(int sessionId, const unsigned char *data, unsigned int len);
     ^~~~~~~~~
[201/303] gcc cross compiler obj/test/xts/acts/distributeddatamgr_lite/dbm_kv_store_hal/src/libmodule_ActsDbmKvStoreTest.dbm_kv_store_func_test.o
../../../test/xts/acts/distributeddatamgr_lite/dbm_kv_store_hal/src/dbm_kv_store_func_test.c: In function 'DBMKvStoreFuncTestSuiteSetUp':
../../../test/xts/acts/distributeddatamgr_lite/dbm_kv_store_hal/src/dbm_kv_store_func_test.c:55:22: warning: implicit declaration of function 'osKernelGetTickCount' [-Wimplicit-function-declaration]
     int tickCount1 = osKernelGetTickCount();
                      ^~~~~~~~~~~~~~~~~~~~
../../../test/xts/acts/distributeddatamgr_lite/dbm_kv_store_hal/src/dbm_kv_store_func_test.c: In function 'PutKVs':
../../../test/xts/acts/distributeddatamgr_lite/dbm_kv_store_hal/src/dbm_kv_store_func_test.c:134:9: warning: implicit declaration of function 'IoTWatchDogKick' [-Wimplicit-function-declaration]
         IoTWatchDogKick();
         ^~~~~~~~~~~~~~~
[202/303] gcc cross compiler obj/utils/native/lite/kv_store/src/kvstore_impl_hal/libutils_kv_store.kv_store.o
[203/303] gcc cross compiler obj/utils/native/lite/file/src/file_impl_hal/libnative_file.file.o
[204/303] gcc cross compiler obj/test/xts/tools/lite/hctest/src/libhctest.hctest_service.o
[205/303] gcc cross compiler obj/vendor/hisilicon/hispark_pegasus/hals/utils/sys_param/libhal_sysparam.hal_sys_param.o
../../../vendor/hisilicon/hispark_pegasus/hals/utils/sys_param/hal_sys_param.c:33:19: warning: 'EMPTY_STR' defined but not used [-Wunused-const-variable=]
 static const char EMPTY_STR[] = {""};
                   ^~~~~~~~~
[206/303] AR libs/libsamgr.a
[207/303] STAMP obj/build/lite/config/component/cJSON/cjson_ndk.stamp
[208/303] STAMP obj/device/hisilicon/hispark_pegasus/sdk_liteos/sdk.stamp
[209/303] gcc cross compiler obj/test/xts/tools/lite/hctest/src/libhctest.hctest.o
../../../test/xts/tools/lite/hctest/src/hctest.c: In function 'ObtainProductParams':
../../../test/xts/tools/lite/hctest/src/hctest.c:213:21: warning: comparison between pointer and integer
     if (sdkApiLevel != NULL) {
                     ^~
../../../test/xts/tools/lite/hctest/src/hctest.c:218:23: warning: comparison between pointer and integer
     if (firstApiLevel != NULL) {
                       ^~
[210/303] STAMP obj/foundation/communication/softbus_lite/trans_service_ndk.stamp
[211/303] STAMP obj/foundation/communication/softbus_lite/softbus.stamp
[212/303] gcc cross compiler obj/utils/native/lite/os_dump/libdump_static.dump_syspara.o
In file included from ../../../utils/native/lite/os_dump/dump_syspara.c:16:0:
../../../utils/native/lite/os_dump/dump_syspara.h:21:5: warning: function declaration isn't a prototype [-Wstrict-prototypes]
     char *(*getInfoValue)();
     ^~~~
../../../utils/native/lite/os_dump/dump_syspara.h:24:1: warning: function declaration isn't a prototype [-Wstrict-prototypes]
 int QuerySysparaCmd();
 ^~~
../../../utils/native/lite/os_dump/dump_syspara.c:26:20: warning: function declaration isn't a prototype [-Wstrict-prototypes]
 static const char* GetSdkApiLevel()
                    ^~~~~~~~~~~~~~
../../../utils/native/lite/os_dump/dump_syspara.c: In function 'GetSdkApiLevel':
../../../utils/native/lite/os_dump/dump_syspara.c:30:5: warning: implicit declaration of function 'sprintf_s'; did you mean 'sprintf'? [-Wimplicit-function-declaration]
     sprintf_s(sdkApiVersion, API_VERSION_LEN, "%d", sdkApi);
     ^~~~~~~~~
     sprintf
../../../utils/native/lite/os_dump/dump_syspara.c: At top level:
../../../utils/native/lite/os_dump/dump_syspara.c:34:20: warning: function declaration isn't a prototype [-Wstrict-prototypes]
 static const char* GetFirstApiLevel()
                    ^~~~~~~~~~~~~~~~
../../../utils/native/lite/os_dump/dump_syspara.c:43:20: warning: initialization from incompatible pointer type [-Wincompatible-pointer-types]
     {"DeviceType", GetDeviceType},
                    ^~~~~~~~~~~~~
../../../utils/native/lite/os_dump/dump_syspara.c:43:20: note: (near initialization for 'SYSPARA_LIST[0].getInfoValue')
../../../utils/native/lite/os_dump/dump_syspara.c:44:21: warning: initialization from incompatible pointer type [-Wincompatible-pointer-types]
     {"Manufacture", GetManufacture},
                     ^~~~~~~~~~~~~~
../../../utils/native/lite/os_dump/dump_syspara.c:44:21: note: (near initialization for 'SYSPARA_LIST[1].getInfoValue')
../../../utils/native/lite/os_dump/dump_syspara.c:45:15: warning: initialization from incompatible pointer type [-Wincompatible-pointer-types]
     {"Brand", GetBrand},
               ^~~~~~~~
../../../utils/native/lite/os_dump/dump_syspara.c:45:15: note: (near initialization for 'SYSPARA_LIST[2].getInfoValue')
../../../utils/native/lite/os_dump/dump_syspara.c:46:20: warning: initialization from incompatible pointer type [-Wincompatible-pointer-types]
     {"MarketName", GetMarketName},
                    ^~~~~~~~~~~~~
../../../utils/native/lite/os_dump/dump_syspara.c:46:20: note: (near initialization for 'SYSPARA_LIST[3].getInfoValue')
../../../utils/native/lite/os_dump/dump_syspara.c:47:23: warning: initialization from incompatible pointer type [-Wincompatible-pointer-types]
     {"ProductSeries", GetProductSeries},
                       ^~~~~~~~~~~~~~~~
../../../utils/native/lite/os_dump/dump_syspara.c:47:23: note: (near initialization for 'SYSPARA_LIST[4].getInfoValue')
../../../utils/native/lite/os_dump/dump_syspara.c:48:22: warning: initialization from incompatible pointer type [-Wincompatible-pointer-types]
     {"ProductModel", GetProductModel},
                      ^~~~~~~~~~~~~~~
../../../utils/native/lite/os_dump/dump_syspara.c:48:22: note: (near initialization for 'SYSPARA_LIST[5].getInfoValue')
../../../utils/native/lite/os_dump/dump_syspara.c:49:23: warning: initialization from incompatible pointer type [-Wincompatible-pointer-types]
     {"SoftwareModel", GetSoftwareModel},
                       ^~~~~~~~~~~~~~~~
../../../utils/native/lite/os_dump/dump_syspara.c:49:23: note: (near initialization for 'SYSPARA_LIST[6].getInfoValue')
../../../utils/native/lite/os_dump/dump_syspara.c:50:23: warning: initialization from incompatible pointer type [-Wincompatible-pointer-types]
     {"HardwareModel", GetHardwareModel},
                       ^~~~~~~~~~~~~~~~
../../../utils/native/lite/os_dump/dump_syspara.c:50:23: note: (near initialization for 'SYSPARA_LIST[7].getInfoValue')
../../../utils/native/lite/os_dump/dump_syspara.c:51:16: warning: initialization from incompatible pointer type [-Wincompatible-pointer-types]
     {"Serial", GetSerial},
                ^~~~~~~~~
../../../utils/native/lite/os_dump/dump_syspara.c:51:16: note: (near initialization for 'SYSPARA_LIST[8].getInfoValue')
../../../utils/native/lite/os_dump/dump_syspara.c:52:20: warning: initialization from incompatible pointer type [-Wincompatible-pointer-types]
     {"OSFullName", GetOSFullName},
                    ^~~~~~~~~~~~~
../../../utils/native/lite/os_dump/dump_syspara.c:52:20: note: (near initialization for 'SYSPARA_LIST[9].getInfoValue')
../../../utils/native/lite/os_dump/dump_syspara.c:53:24: warning: initialization from incompatible pointer type [-Wincompatible-pointer-types]
     {"DisplayVersion", GetDisplayVersion},
                        ^~~~~~~~~~~~~~~~~
../../../utils/native/lite/os_dump/dump_syspara.c:53:24: note: (near initialization for 'SYSPARA_LIST[10].getInfoValue')
../../../utils/native/lite/os_dump/dump_syspara.c:54:27: warning: initialization from incompatible pointer type [-Wincompatible-pointer-types]
     {"BootloaderVersion", GetBootloaderVersion},
                           ^~~~~~~~~~~~~~~~~~~~
../../../utils/native/lite/os_dump/dump_syspara.c:54:27: note: (near initialization for 'SYSPARA_LIST[11].getInfoValue')
../../../utils/native/lite/os_dump/dump_syspara.c:55:29: warning: initialization from incompatible pointer type [-Wincompatible-pointer-types]
     {"GetSecurityPatchTag", GetSecurityPatchTag},
                             ^~~~~~~~~~~~~~~~~~~
../../../utils/native/lite/os_dump/dump_syspara.c:55:29: note: (near initialization for 'SYSPARA_LIST[12].getInfoValue')
../../../utils/native/lite/os_dump/dump_syspara.c:56:17: warning: initialization from incompatible pointer type [-Wincompatible-pointer-types]
     {"AbiList", GetAbiList},
                 ^~~~~~~~~~
../../../utils/native/lite/os_dump/dump_syspara.c:56:17: note: (near initialization for 'SYSPARA_LIST[13].getInfoValue')
../../../utils/native/lite/os_dump/dump_syspara.c:57:23: warning: initialization from incompatible pointer type [-Wincompatible-pointer-types]
     {"SdkApiVersion", GetSdkApiLevel},
                       ^~~~~~~~~~~~~~
../../../utils/native/lite/os_dump/dump_syspara.c:57:23: note: (near initialization for 'SYSPARA_LIST[14].getInfoValue')
../../../utils/native/lite/os_dump/dump_syspara.c:58:25: warning: initialization from incompatible pointer type [-Wincompatible-pointer-types]
     {"FirstApiVersion", GetFirstApiLevel},
                         ^~~~~~~~~~~~~~~~
../../../utils/native/lite/os_dump/dump_syspara.c:58:25: note: (near initialization for 'SYSPARA_LIST[15].getInfoValue')
../../../utils/native/lite/os_dump/dump_syspara.c:59:28: warning: initialization from incompatible pointer type [-Wincompatible-pointer-types]
     {"IncrementalVersion", GetIncrementalVersion},
                            ^~~~~~~~~~~~~~~~~~~~~
../../../utils/native/lite/os_dump/dump_syspara.c:59:28: note: (near initialization for 'SYSPARA_LIST[16].getInfoValue')
../../../utils/native/lite/os_dump/dump_syspara.c:60:19: warning: initialization from incompatible pointer type [-Wincompatible-pointer-types]
     {"VersionId", GetVersionId},
                   ^~~~~~~~~~~~
../../../utils/native/lite/os_dump/dump_syspara.c:60:19: note: (near initialization for 'SYSPARA_LIST[17].getInfoValue')
../../../utils/native/lite/os_dump/dump_syspara.c:61:19: warning: initialization from incompatible pointer type [-Wincompatible-pointer-types]
     {"BuildType", GetBuildType},
                   ^~~~~~~~~~~~
../../../utils/native/lite/os_dump/dump_syspara.c:61:19: note: (near initialization for 'SYSPARA_LIST[18].getInfoValue')
../../../utils/native/lite/os_dump/dump_syspara.c:62:19: warning: initialization from incompatible pointer type [-Wincompatible-pointer-types]
     {"BuildUser", GetBuildUser},
                   ^~~~~~~~~~~~
../../../utils/native/lite/os_dump/dump_syspara.c:62:19: note: (near initialization for 'SYSPARA_LIST[19].getInfoValue')
../../../utils/native/lite/os_dump/dump_syspara.c:63:19: warning: initialization from incompatible pointer type [-Wincompatible-pointer-types]
     {"BuildHost", GetBuildHost},
                   ^~~~~~~~~~~~
../../../utils/native/lite/os_dump/dump_syspara.c:63:19: note: (near initialization for 'SYSPARA_LIST[20].getInfoValue')
../../../utils/native/lite/os_dump/dump_syspara.c:64:19: warning: initialization from incompatible pointer type [-Wincompatible-pointer-types]
     {"BuildTime", GetBuildTime},
                   ^~~~~~~~~~~~
../../../utils/native/lite/os_dump/dump_syspara.c:64:19: note: (near initialization for 'SYSPARA_LIST[21].getInfoValue')
../../../utils/native/lite/os_dump/dump_syspara.c:65:23: warning: initialization from incompatible pointer type [-Wincompatible-pointer-types]
     {"BuildRootHash", GetBuildRootHash},
                       ^~~~~~~~~~~~~~~~
../../../utils/native/lite/os_dump/dump_syspara.c:65:23: note: (near initialization for 'SYSPARA_LIST[22].getInfoValue')
../../../utils/native/lite/os_dump/dump_syspara.c:68:5: warning: function declaration isn't a prototype [-Wstrict-prototypes]
 int QuerySysparaCmd()
     ^~~~~~~~~~~~~~~
[213/303] AR libs/libnative_file.a
[214/303] AR libs/libhal_sysparam.a
[215/303] STAMP obj/foundation/distributedschedule/samgr_lite/samgr.stamp
[216/303] STAMP obj/foundation/distributedschedule/samgr_lite/samgr_lite_ndk.stamp
[217/303] STAMP obj/device/hisilicon/hispark_pegasus/sdk_liteos/wifiiot_sdk.stamp
[218/303] gcc cross compiler obj/test/xts/acts/communication_lite/lwip_hal/src/libmodule_ActsLwipTest.lwip_func_test.o
In file included from ../../../third_party/unity/src/unity.h:21:0,
                 from ../../../test/xts/tools/lite/hctest/include/hctest.h:22,
                 from ../../../test/xts/acts/communication_lite/lwip_hal/src/lwip_func_test.c:16:
../../../test/xts/acts/communication_lite/lwip_hal/src/lwip_func_test.c: In function 'testUdp_runTest':
../../../third_party/unity/src/unity_internals.h:756:101: warning: 'ret' is used uninitialized in this function [-Wuninitialized]
 #define UNITY_TEST_ASSERT(condition, line, message)                                              if (condition) {} else {UNITY_TEST_FAIL((UNITY_LINE_TYPE)(line), (message));}
                                                                                                     ^
../../../test/xts/acts/communication_lite/lwip_hal/src/lwip_func_test.c:568:9: note: 'ret' was declared here
     int ret;
         ^~~
[219/303] gcc cross compiler obj/test/xts/acts/communication_lite/wifiservice_hal/src/libmodule_ActsWifiServiceTest.wifiservice_func_test.o
[220/303] STAMP obj/foundation/communication/softbus_lite/softbus_lite_ndk.stamp
[221/303] STAMP obj/utils/native/lite/file/file.stamp
[222/303] gcc cross compiler obj/vendor/hisilicon/hispark_pegasus/hals/utils/token/libhal_token_static.hal_token.o
[223/303] AR libs/libsysparam.a
[224/303] AR libs/libhal_token_static.a
[225/303] AR libs/libhota.a
[226/303] STAMP obj/base/startup/syspara_lite/frameworks/parameter/parameter.stamp
[227/303] STAMP obj/base/startup/syspara_lite/frameworks/parameter/parameter_notes.stamp
[228/303] AR libs/libdump_static.a
[229/303] gcc cross compiler obj/test/xts/acts/kernel_lite/kernelcmsis_hal/src/libmodule_ActsCMSISTest.cmsis_sem_func_test.o
[230/303] STAMP obj/base/update/ota_lite/frameworks/ota_lite.stamp
[231/303] STAMP obj/utils/native/lite/os_dump/utils_os_dump.stamp
[232/303] AR libs/libtoken_static.a
[233/303] STAMP obj/base/startup/syspara_lite/frameworks/token/token.stamp
[234/303] gcc cross compiler obj/test/xts/acts/utils_lite/file_hal/src/libmodule_ActsUtilsFileTest.utils_file_reli_test.o
[235/303] gcc cross compiler obj/test/xts/acts/startup_lite/bootstrap_hal/src/libmodule_ActsBootstrapTest.samgr_api_test.o
../../../test/xts/acts/startup_lite/bootstrap_hal/src/samgr_api_test.c:26:39: warning: excess elements in array initializer
 static int g_coreInit[API_PRI_MAX] = {0};
                                       ^
../../../test/xts/acts/startup_lite/bootstrap_hal/src/samgr_api_test.c:26:39: note: (near initialization for 'g_coreInit')
../../../test/xts/acts/startup_lite/bootstrap_hal/src/samgr_api_test.c:27:37: warning: excess elements in array initializer
 static int g_sysRun[API_PRI_MAX] = {0};
                                     ^
../../../test/xts/acts/startup_lite/bootstrap_hal/src/samgr_api_test.c:27:37: note: (near initialization for 'g_sysRun')
../../../test/xts/acts/startup_lite/bootstrap_hal/src/samgr_api_test.c:28:45: warning: excess elements in array initializer
 static int g_sysServiceInit[API_PRI_MAX] = {0};
                                             ^
../../../test/xts/acts/startup_lite/bootstrap_hal/src/samgr_api_test.c:28:45: note: (near initialization for 'g_sysServiceInit')
../../../test/xts/acts/startup_lite/bootstrap_hal/src/samgr_api_test.c:29:45: warning: excess elements in array initializer
 static int g_sysFeatureInit[API_PRI_MAX] = {0};
                                             ^
../../../test/xts/acts/startup_lite/bootstrap_hal/src/samgr_api_test.c:29:45: note: (near initialization for 'g_sysFeatureInit')
../../../test/xts/acts/startup_lite/bootstrap_hal/src/samgr_api_test.c:30:47: warning: excess elements in array initializer
 static int g_sysExServiceInit[API_PRI_MAX] = {0};
                                               ^
../../../test/xts/acts/startup_lite/bootstrap_hal/src/samgr_api_test.c:30:47: note: (near initialization for 'g_sysExServiceInit')
../../../test/xts/acts/startup_lite/bootstrap_hal/src/samgr_api_test.c:31:47: warning: excess elements in array initializer
 static int g_sysExFeatureInit[API_PRI_MAX] = {0};
                                               ^
../../../test/xts/acts/startup_lite/bootstrap_hal/src/samgr_api_test.c:31:47: note: (near initialization for 'g_sysExFeatureInit')
../../../test/xts/acts/startup_lite/bootstrap_hal/src/samgr_api_test.c:32:45: warning: excess elements in array initializer
 static int g_appServiceInit[API_PRI_MAX] = {0};
                                             ^
../../../test/xts/acts/startup_lite/bootstrap_hal/src/samgr_api_test.c:32:45: note: (near initialization for 'g_appServiceInit')
../../../test/xts/acts/startup_lite/bootstrap_hal/src/samgr_api_test.c:33:45: warning: excess elements in array initializer
 static int g_appFeatureInit[API_PRI_MAX] = {0};
                                             ^
../../../test/xts/acts/startup_lite/bootstrap_hal/src/samgr_api_test.c:33:45: note: (near initialization for 'g_appFeatureInit')
[236/303] gcc cross compiler obj/utils/native/lite/kv_store/src/kvstore_common/libutils_kv_store.kvstore_common.o
[237/303] AR libs/libutils_kv_store.a
[238/303] STAMP obj/utils/native/lite/kv_store/kv_store.stamp
[239/303] gcc cross compiler obj/test/xts/acts/startup_lite/syspara_hal/src/libmodule_ActsParameterTest.parameter_reli_test.o
../../../test/xts/acts/startup_lite/syspara_hal/src/parameter_reli_test.c: In function 'testObtainSysParaReli001_runTest':
../../../test/xts/acts/startup_lite/syspara_hal/src/parameter_reli_test.c:62:17: warning: unused variable 'value' [-Wunused-variable]
     const char* value = GetDeviceType();
                 ^~~~~
../../../test/xts/acts/startup_lite/syspara_hal/src/parameter_reli_test.c: In function 'testObtainSysParaReli002_runTest':
../../../test/xts/acts/startup_lite/syspara_hal/src/parameter_reli_test.c:79:17: warning: unused variable 'value' [-Wunused-variable]
     const char* value = GetManufacture();
                 ^~~~~
../../../test/xts/acts/startup_lite/syspara_hal/src/parameter_reli_test.c: In function 'testObtainSysParaReli003_runTest':
../../../test/xts/acts/startup_lite/syspara_hal/src/parameter_reli_test.c:96:17: warning: unused variable 'value' [-Wunused-variable]
     const char* value = GetBrand();
                 ^~~~~
../../../test/xts/acts/startup_lite/syspara_hal/src/parameter_reli_test.c: In function 'testObtainSysParaReli004_runTest':
../../../test/xts/acts/startup_lite/syspara_hal/src/parameter_reli_test.c:113:17: warning: unused variable 'value' [-Wunused-variable]
     const char* value = GetMarketName();
                 ^~~~~
../../../test/xts/acts/startup_lite/syspara_hal/src/parameter_reli_test.c: In function 'testObtainSysParaReli005_runTest':
../../../test/xts/acts/startup_lite/syspara_hal/src/parameter_reli_test.c:130:17: warning: unused variable 'value' [-Wunused-variable]
     const char* value = GetProductSeries();
                 ^~~~~
../../../test/xts/acts/startup_lite/syspara_hal/src/parameter_reli_test.c: In function 'testObtainSysParaReli006_runTest':
../../../test/xts/acts/startup_lite/syspara_hal/src/parameter_reli_test.c:147:17: warning: unused variable 'value' [-Wunused-variable]
     const char* value = GetProductModel();
                 ^~~~~
../../../test/xts/acts/startup_lite/syspara_hal/src/parameter_reli_test.c: In function 'testObtainSysParaReli007_runTest':
../../../test/xts/acts/startup_lite/syspara_hal/src/parameter_reli_test.c:164:17: warning: unused variable 'value' [-Wunused-variable]
     const char* value = GetHardwareModel();
                 ^~~~~
../../../test/xts/acts/startup_lite/syspara_hal/src/parameter_reli_test.c: In function 'testObtainSysParaReli008_runTest':
../../../test/xts/acts/startup_lite/syspara_hal/src/parameter_reli_test.c:181:17: warning: unused variable 'value' [-Wunused-variable]
     const char* value = GetHardwareProfile();
                 ^~~~~
../../../test/xts/acts/startup_lite/syspara_hal/src/parameter_reli_test.c: In function 'testObtainSysParaReli009_runTest':
../../../test/xts/acts/startup_lite/syspara_hal/src/parameter_reli_test.c:201:17: warning: unused variable 'value' [-Wunused-variable]
     const char* value = GetSerial();
                 ^~~~~
../../../test/xts/acts/startup_lite/syspara_hal/src/parameter_reli_test.c: In function 'testObtainSysParaReli010_runTest':
../../../test/xts/acts/startup_lite/syspara_hal/src/parameter_reli_test.c:218:17: warning: unused variable 'value' [-Wunused-variable]
     const char* value = GetOSFullName();
                 ^~~~~
../../../test/xts/acts/startup_lite/syspara_hal/src/parameter_reli_test.c: In function 'testObtainSysParaReli011_runTest':
../../../test/xts/acts/startup_lite/syspara_hal/src/parameter_reli_test.c:235:17: warning: unused variable 'value' [-Wunused-variable]
     const char* value = GetDisplayVersion();
                 ^~~~~
../../../test/xts/acts/startup_lite/syspara_hal/src/parameter_reli_test.c: In function 'testObtainSysParaReli012_runTest':
../../../test/xts/acts/startup_lite/syspara_hal/src/parameter_reli_test.c:252:17: warning: unused variable 'value' [-Wunused-variable]
     const char* value = GetBootloaderVersion();
                 ^~~~~
../../../test/xts/acts/startup_lite/syspara_hal/src/parameter_reli_test.c: In function 'testObtainSysParaReli013_runTest':
../../../test/xts/acts/startup_lite/syspara_hal/src/parameter_reli_test.c:269:17: warning: unused variable 'value' [-Wunused-variable]
     const char* value = GetSecurityPatchTag();
                 ^~~~~
../../../test/xts/acts/startup_lite/syspara_hal/src/parameter_reli_test.c: In function 'testObtainSysParaReli014_runTest':
../../../test/xts/acts/startup_lite/syspara_hal/src/parameter_reli_test.c:286:17: warning: unused variable 'value' [-Wunused-variable]
     const char* value = GetAbiList();
                 ^~~~~
../../../test/xts/acts/startup_lite/syspara_hal/src/parameter_reli_test.c: In function 'testObtainSysParaReli015_runTest':
../../../test/xts/acts/startup_lite/syspara_hal/src/parameter_reli_test.c:300:13: warning: passing argument 1 of 'IsEmpty' makes pointer from integer without a cast [-Wint-conversion]
     IsEmpty(value1);
             ^~~~~~
In file included from ../../../test/xts/acts/startup_lite/syspara_hal/src/parameter_reli_test.c:20:0:
../../../test/xts/acts/startup_lite/syspara_hal/src/parameter_utils.h:28:6: note: expected 'const char *' but argument is of type 'int'
 void IsEmpty(const char* sysPara);
      ^~~~~~~
../../../test/xts/acts/startup_lite/syspara_hal/src/parameter_reli_test.c:303:9: warning: unused variable 'value' [-Wunused-variable]
     int value = GetFirstApiVersion();
         ^~~~~
../../../test/xts/acts/startup_lite/syspara_hal/src/parameter_reli_test.c: In function 'testObtainSysParaReli016_runTest':
../../../test/xts/acts/startup_lite/syspara_hal/src/parameter_reli_test.c:320:17: warning: unused variable 'value' [-Wunused-variable]
     const char* value = GetIncrementalVersion();
                 ^~~~~
../../../test/xts/acts/startup_lite/syspara_hal/src/parameter_reli_test.c: In function 'testObtainSysParaReli017_runTest':
../../../test/xts/acts/startup_lite/syspara_hal/src/parameter_reli_test.c:337:17: warning: unused variable 'value' [-Wunused-variable]
     const char* value = GetVersionId();
                 ^~~~~
../../../test/xts/acts/startup_lite/syspara_hal/src/parameter_reli_test.c: In function 'testObtainSysParaReli018_runTest':
../../../test/xts/acts/startup_lite/syspara_hal/src/parameter_reli_test.c:354:17: warning: unused variable 'value' [-Wunused-variable]
     const char* value = GetBuildType();
                 ^~~~~
../../../test/xts/acts/startup_lite/syspara_hal/src/parameter_reli_test.c: In function 'testObtainSysParaReli019_runTest':
../../../test/xts/acts/startup_lite/syspara_hal/src/parameter_reli_test.c:371:17: warning: unused variable 'value' [-Wunused-variable]
     const char* value = GetBuildUser();
                 ^~~~~
../../../test/xts/acts/startup_lite/syspara_hal/src/parameter_reli_test.c: In function 'testObtainSysParaReli020_runTest':
../../../test/xts/acts/startup_lite/syspara_hal/src/parameter_reli_test.c:388:17: warning: unused variable 'value' [-Wunused-variable]
     const char* value = GetBuildHost();
                 ^~~~~
../../../test/xts/acts/startup_lite/syspara_hal/src/parameter_reli_test.c: In function 'testObtainSysParaReli021_runTest':
../../../test/xts/acts/startup_lite/syspara_hal/src/parameter_reli_test.c:405:17: warning: unused variable 'value' [-Wunused-variable]
     const char* value = GetBuildTime();
                 ^~~~~
../../../test/xts/acts/startup_lite/syspara_hal/src/parameter_reli_test.c: In function 'testObtainSysParaReli022_runTest':
../../../test/xts/acts/startup_lite/syspara_hal/src/parameter_reli_test.c:422:17: warning: unused variable 'value' [-Wunused-variable]
     const char* value = GetBuildRootHash();
                 ^~~~~
../../../test/xts/acts/startup_lite/syspara_hal/src/parameter_reli_test.c: In function 'testObtainSysParaReli023_runTest':
../../../test/xts/acts/startup_lite/syspara_hal/src/parameter_reli_test.c:439:17: warning: unused variable 'value' [-Wunused-variable]
     const char* value = GetSoftwareModel();
                 ^~~~~
../../../test/xts/acts/startup_lite/syspara_hal/src/parameter_reli_test.c: In function 'testObtainSysParaReli024_runTest':
../../../test/xts/acts/startup_lite/syspara_hal/src/parameter_reli_test.c:453:13: warning: passing argument 1 of 'IsEmpty' makes pointer from integer without a cast [-Wint-conversion]
     IsEmpty(value1);
             ^~~~~~
In file included from ../../../test/xts/acts/startup_lite/syspara_hal/src/parameter_reli_test.c:20:0:
../../../test/xts/acts/startup_lite/syspara_hal/src/parameter_utils.h:28:6: note: expected 'const char *' but argument is of type 'int'
 void IsEmpty(const char* sysPara);
      ^~~~~~~
../../../test/xts/acts/startup_lite/syspara_hal/src/parameter_reli_test.c:456:9: warning: unused variable 'value' [-Wunused-variable]
     int value = GetSdkApiVersion();
         ^~~~~
[240/303] gcc cross compiler obj/test/xts/acts/security_lite/datahuks_hal/src/libmodule_ActsSecurityDataTest.security_data_huks_enc_test.o
[241/303] gcc cross compiler obj/test/xts/acts/kernel_lite/kernelcmsis_hal/src/libmodule_ActsCMSISTest.cmsis_timer_func_test.o
[242/303] gcc cross compiler obj/test/xts/acts/security_lite/datahuks_hal/src/libmodule_ActsSecurityDataTest.security_data_huks_dec_test.o
[243/303] gcc cross compiler obj/test/xts/acts/security_lite/datahuks_hal/src/libmodule_ActsSecurityDataTest.security_data_huks_sign_verify_test.o
[244/303] gcc cross compiler obj/third_party/unity/src/libhctest.unity.o
[245/303] AR libs/libhctest.a
[246/303] AR libs/libmodule_ActsWifiServiceTest.a
[247/303] AR libs/libmodule_ActsLwipTest.a
[248/303] AR libs/libmodule_ActsDfxFuncTest.a
[249/303] STAMP obj/test/xts/tools/lite/tools.stamp
[250/303] AR libs/libmodule_ActsDbmKvStoreTest.a
[251/303] AR libs/libmodule_ActsSoftBusTest.a
[252/303] AR libs/libmodule_ActsWifiIotTest.a
[253/303] AR libs/libmodule_ActsUpdaterFuncTest.a
[254/303] AR libs/libmodule_ActsBootstrapTest.a
[255/303] AR libs/libmodule_ActsSecurityDataTest.a
[256/303] AR libs/libmodule_ActsSamgrTest.a
[257/303] gcc cross compiler obj/test/xts/acts/utils_lite/kv_store_hal/src/libmodule_ActsKvStoreTest.kvstore_func_test.o
[258/303] AR libs/libmodule_ActsKvStoreTest.a
[259/303] gcc cross compiler obj/test/xts/acts/utils_lite/file_hal/src/libmodule_ActsUtilsFileTest.utils_file_func_test.o
[260/303] ACTION //test/xts/acts/hiviewdfx_lite/hilog_hal:ActsDfxFuncTest(//build/lite/toolchain:riscv32-unknown-elf)
[261/303] ACTION //test/xts/acts/communication_lite/wifiservice_hal:ActsWifiServiceTest(//build/lite/toolchain:riscv32-unknown-elf)
[262/303] ACTION //test/xts/acts/communication_lite/lwip_hal:ActsLwipTest(//build/lite/toolchain:riscv32-unknown-elf)
[263/303] ACTION //test/xts/acts/security_lite/datahuks_hal:ActsSecurityDataTest(//build/lite/toolchain:riscv32-unknown-elf)
[264/303] ACTION //test/xts/acts/iot_hardware_lite/iot_controller_hal:ActsWifiIotTest(//build/lite/toolchain:riscv32-unknown-elf)
[265/303] ACTION //test/xts/acts/startup_lite/bootstrap_hal:ActsBootstrapTest(//build/lite/toolchain:riscv32-unknown-elf)
[266/303] STAMP obj/test/xts/acts/hiviewdfx_lite/hilog_hal/ActsDfxFuncTest.stamp
[267/303] STAMP obj/test/xts/acts/communication_lite/wifiservice_hal/ActsWifiServiceTest.stamp
[268/303] ACTION //test/xts/acts/distributeddatamgr_lite/dbm_kv_store_hal:ActsDbmKvStoreTest(//build/lite/toolchain:riscv32-unknown-elf)
[269/303] ACTION //test/xts/acts/update_lite/updater_hal:ActsUpdaterFuncTest(//build/lite/toolchain:riscv32-unknown-elf)
[270/303] STAMP obj/test/xts/acts/communication_lite/lwip_hal/ActsLwipTest.stamp
[271/303] ACTION //test/xts/acts/communication_lite/softbus_hal:ActsSoftBusTest(//build/lite/toolchain:riscv32-unknown-elf)
[272/303] STAMP obj/test/xts/acts/security_lite/datahuks_hal/ActsSecurityDataTest.stamp
[273/303] AR libs/libmodule_ActsUtilsFileTest.a
[274/303] STAMP obj/test/xts/acts/iot_hardware_lite/iot_controller_hal/ActsWifiIotTest.stamp
[275/303] STAMP obj/test/xts/acts/startup_lite/bootstrap_hal/ActsBootstrapTest.stamp
[276/303] STAMP obj/test/xts/acts/distributeddatamgr_lite/dbm_kv_store_hal/ActsDbmKvStoreTest.stamp
[277/303] STAMP obj/test/xts/acts/communication_lite/softbus_hal/ActsSoftBusTest.stamp
[278/303] STAMP obj/test/xts/acts/update_lite/updater_hal/ActsUpdaterFuncTest.stamp
[279/303] gcc cross compiler obj/test/xts/acts/startup_lite/syspara_hal/src/libmodule_ActsParameterTest.parameter_func_test.o
../../../test/xts/acts/startup_lite/syspara_hal/src/parameter_func_test.c: In function 'testObtainSysPara015_runTest':
../../../test/xts/acts/startup_lite/syspara_hal/src/parameter_func_test.c:238:13: warning: passing argument 1 of 'IsEmpty' makes pointer from integer without a cast [-Wint-conversion]
     IsEmpty(value);
             ^~~~~
In file included from ../../../test/xts/acts/startup_lite/syspara_hal/src/parameter_func_test.c:20:0:
../../../test/xts/acts/startup_lite/syspara_hal/src/parameter_utils.h:28:6: note: expected 'const char *' but argument is of type 'int'
 void IsEmpty(const char* sysPara);
      ^~~~~~~
../../../test/xts/acts/startup_lite/syspara_hal/src/parameter_func_test.c: In function 'testObtainSysPara024_runTest':
../../../test/xts/acts/startup_lite/syspara_hal/src/parameter_func_test.c:346:13: warning: passing argument 1 of 'IsEmpty' makes pointer from integer without a cast [-Wint-conversion]
     IsEmpty(value);
             ^~~~~
In file included from ../../../test/xts/acts/startup_lite/syspara_hal/src/parameter_func_test.c:20:0:
../../../test/xts/acts/startup_lite/syspara_hal/src/parameter_utils.h:28:6: note: expected 'const char *' but argument is of type 'int'
 void IsEmpty(const char* sysPara);
      ^~~~~~~
[280/303] ACTION //test/xts/acts/distributed_schedule_lite/system_ability_manager_hal:ActsSamgrTest(//build/lite/toolchain:riscv32-unknown-elf)
[281/303] AR libs/libmodule_ActsParameterTest.a
[282/303] STAMP obj/test/xts/acts/distributed_schedule_lite/system_ability_manager_hal/ActsSamgrTest.stamp
[283/303] ACTION //test/xts/acts/utils_lite/kv_store_hal:ActsKvStoreTest(//build/lite/toolchain:riscv32-unknown-elf)
[284/303] STAMP obj/test/xts/acts/utils_lite/kv_store_hal/ActsKvStoreTest.stamp
[285/303] ACTION //test/xts/acts/utils_lite/file_hal:ActsUtilsFileTest(//build/lite/toolchain:riscv32-unknown-elf)
[286/303] STAMP obj/test/xts/acts/utils_lite/file_hal/ActsUtilsFileTest.stamp
[287/303] ACTION //test/xts/acts/startup_lite/syspara_hal:ActsParameterTest(//build/lite/toolchain:riscv32-unknown-elf)
[288/303] STAMP obj/test/xts/acts/startup_lite/syspara_hal/ActsParameterTest.stamp
[289/303] gcc cross compiler obj/test/xts/acts/kernel_lite/kernelcmsis_hal/src/libmodule_ActsCMSISTest.cmsis_task_pri_func_test.o
[290/303] ACTION //test/xts/acts/build_lite:acts_xdevice(//build/lite/toolchain:riscv32-unknown-elf)
running install
running bdist_egg
running egg_info
writing src/xdevice.egg-info/PKG-INFO
writing dependency_links to src/xdevice.egg-info/dependency_links.txt
writing entry points to src/xdevice.egg-info/entry_points.txt
writing top-level names to src/xdevice.egg-info/top_level.txt
reading manifest file 'src/xdevice.egg-info/SOURCES.txt'
writing manifest file 'src/xdevice.egg-info/SOURCES.txt'
installing library code to build/bdist.linux-x86_64/egg
running install_lib
running build_py
creating build/bdist.linux-x86_64/egg
creating build/bdist.linux-x86_64/egg/xdevice
copying build/lib/xdevice/__init__.py -> build/bdist.linux-x86_64/egg/xdevice
copying build/lib/xdevice/__main__.py -> build/bdist.linux-x86_64/egg/xdevice
copying build/lib/xdevice/variables.py -> build/bdist.linux-x86_64/egg/xdevice
creating build/bdist.linux-x86_64/egg/xdevice/_core
copying build/lib/xdevice/_core/__init__.py -> build/bdist.linux-x86_64/egg/xdevice/_core
copying build/lib/xdevice/_core/common.py -> build/bdist.linux-x86_64/egg/xdevice/_core
copying build/lib/xdevice/_core/constants.py -> build/bdist.linux-x86_64/egg/xdevice/_core
copying build/lib/xdevice/_core/exception.py -> build/bdist.linux-x86_64/egg/xdevice/_core
copying build/lib/xdevice/_core/interface.py -> build/bdist.linux-x86_64/egg/xdevice/_core
copying build/lib/xdevice/_core/logger.py -> build/bdist.linux-x86_64/egg/xdevice/_core
copying build/lib/xdevice/_core/plugin.py -> build/bdist.linux-x86_64/egg/xdevice/_core
copying build/lib/xdevice/_core/utils.py -> build/bdist.linux-x86_64/egg/xdevice/_core
creating build/bdist.linux-x86_64/egg/xdevice/_core/build
copying build/lib/xdevice/_core/build/__init__.py -> build/bdist.linux-x86_64/egg/xdevice/_core/build
creating build/bdist.linux-x86_64/egg/xdevice/_core/command
copying build/lib/xdevice/_core/command/__init__.py -> build/bdist.linux-x86_64/egg/xdevice/_core/command
copying build/lib/xdevice/_core/command/console.py -> build/bdist.linux-x86_64/egg/xdevice/_core/command
creating build/bdist.linux-x86_64/egg/xdevice/_core/config
copying build/lib/xdevice/_core/config/__init__.py -> build/bdist.linux-x86_64/egg/xdevice/_core/config
copying build/lib/xdevice/_core/config/config_manager.py -> build/bdist.linux-x86_64/egg/xdevice/_core/config
copying build/lib/xdevice/_core/config/resource_manager.py -> build/bdist.linux-x86_64/egg/xdevice/_core/config
creating build/bdist.linux-x86_64/egg/xdevice/_core/driver
copying build/lib/xdevice/_core/driver/__init__.py -> build/bdist.linux-x86_64/egg/xdevice/_core/driver
copying build/lib/xdevice/_core/driver/device_test.py -> build/bdist.linux-x86_64/egg/xdevice/_core/driver
copying build/lib/xdevice/_core/driver/drivers_lite.py -> build/bdist.linux-x86_64/egg/xdevice/_core/driver
copying build/lib/xdevice/_core/driver/parser_lite.py -> build/bdist.linux-x86_64/egg/xdevice/_core/driver
creating build/bdist.linux-x86_64/egg/xdevice/_core/environment
copying build/lib/xdevice/_core/environment/__init__.py -> build/bdist.linux-x86_64/egg/xdevice/_core/environment
copying build/lib/xdevice/_core/environment/device_lite.py -> build/bdist.linux-x86_64/egg/xdevice/_core/environment
copying build/lib/xdevice/_core/environment/dmlib_lite.py -> build/bdist.linux-x86_64/egg/xdevice/_core/environment
copying build/lib/xdevice/_core/environment/manager_env.py -> build/bdist.linux-x86_64/egg/xdevice/_core/environment
copying build/lib/xdevice/_core/environment/manager_lite.py -> build/bdist.linux-x86_64/egg/xdevice/_core/environment
creating build/bdist.linux-x86_64/egg/xdevice/_core/executor
copying build/lib/xdevice/_core/executor/__init__.py -> build/bdist.linux-x86_64/egg/xdevice/_core/executor
copying build/lib/xdevice/_core/executor/concurrent.py -> build/bdist.linux-x86_64/egg/xdevice/_core/executor
copying build/lib/xdevice/_core/executor/listener.py -> build/bdist.linux-x86_64/egg/xdevice/_core/executor
copying build/lib/xdevice/_core/executor/request.py -> build/bdist.linux-x86_64/egg/xdevice/_core/executor
copying build/lib/xdevice/_core/executor/scheduler.py -> build/bdist.linux-x86_64/egg/xdevice/_core/executor
copying build/lib/xdevice/_core/executor/source.py -> build/bdist.linux-x86_64/egg/xdevice/_core/executor
creating build/bdist.linux-x86_64/egg/xdevice/_core/report
copying build/lib/xdevice/_core/report/__init__.py -> build/bdist.linux-x86_64/egg/xdevice/_core/report
copying build/lib/xdevice/_core/report/__main__.py -> build/bdist.linux-x86_64/egg/xdevice/_core/report
copying build/lib/xdevice/_core/report/encrypt.py -> build/bdist.linux-x86_64/egg/xdevice/_core/report
copying build/lib/xdevice/_core/report/reporter_helper.py -> build/bdist.linux-x86_64/egg/xdevice/_core/report
copying build/lib/xdevice/_core/report/result_reporter.py -> build/bdist.linux-x86_64/egg/xdevice/_core/report
copying build/lib/xdevice/_core/report/suite_reporter.py -> build/bdist.linux-x86_64/egg/xdevice/_core/report
creating build/bdist.linux-x86_64/egg/xdevice/_core/testkit
copying build/lib/xdevice/_core/testkit/__init__.py -> build/bdist.linux-x86_64/egg/xdevice/_core/testkit
copying build/lib/xdevice/_core/testkit/json_parser.py -> build/bdist.linux-x86_64/egg/xdevice/_core/testkit
copying build/lib/xdevice/_core/testkit/kit_lite.py -> build/bdist.linux-x86_64/egg/xdevice/_core/testkit
creating build/bdist.linux-x86_64/egg/xdevice/_core/resource
creating build/bdist.linux-x86_64/egg/xdevice/_core/resource/config
copying build/lib/xdevice/_core/resource/config/user_config.xml -> build/bdist.linux-x86_64/egg/xdevice/_core/resource/config
creating build/bdist.linux-x86_64/egg/xdevice/_core/resource/template
copying build/lib/xdevice/_core/resource/template/report.html -> build/bdist.linux-x86_64/egg/xdevice/_core/resource/template
byte-compiling build/bdist.linux-x86_64/egg/xdevice/__init__.py to __init__.cpython-38.pyc
byte-compiling build/bdist.linux-x86_64/egg/xdevice/__main__.py to __main__.cpython-38.pyc
byte-compiling build/bdist.linux-x86_64/egg/xdevice/variables.py to variables.cpython-38.pyc
byte-compiling build/bdist.linux-x86_64/egg/xdevice/_core/__init__.py to __init__.cpython-38.pyc
byte-compiling build/bdist.linux-x86_64/egg/xdevice/_core/common.py to common.cpython-38.pyc
byte-compiling build/bdist.linux-x86_64/egg/xdevice/_core/constants.py to constants.cpython-38.pyc
byte-compiling build/bdist.linux-x86_64/egg/xdevice/_core/exception.py to exception.cpython-38.pyc
byte-compiling build/bdist.linux-x86_64/egg/xdevice/_core/interface.py to interface.cpython-38.pyc
byte-compiling build/bdist.linux-x86_64/egg/xdevice/_core/logger.py to logger.cpython-38.pyc
byte-compiling build/bdist.linux-x86_64/egg/xdevice/_core/plugin.py to plugin.cpython-38.pyc
byte-compiling build/bdist.linux-x86_64/egg/xdevice/_core/utils.py to utils.cpython-38.pyc
byte-compiling build/bdist.linux-x86_64/egg/xdevice/_core/build/__init__.py to __init__.cpython-38.pyc
byte-compiling build/bdist.linux-x86_64/egg/xdevice/_core/command/__init__.py to __init__.cpython-38.pyc
byte-compiling build/bdist.linux-x86_64/egg/xdevice/_core/command/console.py to console.cpython-38.pyc
byte-compiling build/bdist.linux-x86_64/egg/xdevice/_core/config/__init__.py to __init__.cpython-38.pyc
byte-compiling build/bdist.linux-x86_64/egg/xdevice/_core/config/config_manager.py to config_manager.cpython-38.pyc
byte-compiling build/bdist.linux-x86_64/egg/xdevice/_core/config/resource_manager.py to resource_manager.cpython-38.pyc
byte-compiling build/bdist.linux-x86_64/egg/xdevice/_core/driver/__init__.py to __init__.cpython-38.pyc
byte-compiling build/bdist.linux-x86_64/egg/xdevice/_core/driver/device_test.py to device_test.cpython-38.pyc
byte-compiling build/bdist.linux-x86_64/egg/xdevice/_core/driver/drivers_lite.py to drivers_lite.cpython-38.pyc
byte-compiling build/bdist.linux-x86_64/egg/xdevice/_core/driver/parser_lite.py to parser_lite.cpython-38.pyc
byte-compiling build/bdist.linux-x86_64/egg/xdevice/_core/environment/__init__.py to __init__.cpython-38.pyc
byte-compiling build/bdist.linux-x86_64/egg/xdevice/_core/environment/device_lite.py to device_lite.cpython-38.pyc
byte-compiling build/bdist.linux-x86_64/egg/xdevice/_core/environment/dmlib_lite.py to dmlib_lite.cpython-38.pyc
byte-compiling build/bdist.linux-x86_64/egg/xdevice/_core/environment/manager_env.py to manager_env.cpython-38.pyc
byte-compiling build/bdist.linux-x86_64/egg/xdevice/_core/environment/manager_lite.py to manager_lite.cpython-38.pyc
byte-compiling build/bdist.linux-x86_64/egg/xdevice/_core/executor/__init__.py to __init__.cpython-38.pyc
byte-compiling build/bdist.linux-x86_64/egg/xdevice/_core/executor/concurrent.py to concurrent.cpython-38.pyc
byte-compiling build/bdist.linux-x86_64/egg/xdevice/_core/executor/listener.py to listener.cpython-38.pyc
byte-compiling build/bdist.linux-x86_64/egg/xdevice/_core/executor/request.py to request.cpython-38.pyc
byte-compiling build/bdist.linux-x86_64/egg/xdevice/_core/executor/scheduler.py to scheduler.cpython-38.pyc
byte-compiling build/bdist.linux-x86_64/egg/xdevice/_core/executor/source.py to source.cpython-38.pyc
byte-compiling build/bdist.linux-x86_64/egg/xdevice/_core/report/__init__.py to __init__.cpython-38.pyc
byte-compiling build/bdist.linux-x86_64/egg/xdevice/_core/report/__main__.py to __main__.cpython-38.pyc
byte-compiling build/bdist.linux-x86_64/egg/xdevice/_core/report/encrypt.py to encrypt.cpython-38.pyc
byte-compiling build/bdist.linux-x86_64/egg/xdevice/_core/report/reporter_helper.py to reporter_helper.cpython-38.pyc
byte-compiling build/bdist.linux-x86_64/egg/xdevice/_core/report/result_reporter.py to result_reporter.cpython-38.pyc
byte-compiling build/bdist.linux-x86_64/egg/xdevice/_core/report/suite_reporter.py to suite_reporter.cpython-38.pyc
byte-compiling build/bdist.linux-x86_64/egg/xdevice/_core/testkit/__init__.py to __init__.cpython-38.pyc
byte-compiling build/bdist.linux-x86_64/egg/xdevice/_core/testkit/json_parser.py to json_parser.cpython-38.pyc
byte-compiling build/bdist.linux-x86_64/egg/xdevice/_core/testkit/kit_lite.py to kit_lite.cpython-38.pyc
creating build/bdist.linux-x86_64/egg/EGG-INFO
copying src/xdevice.egg-info/PKG-INFO -> build/bdist.linux-x86_64/egg/EGG-INFO
copying src/xdevice.egg-info/SOURCES.txt -> build/bdist.linux-x86_64/egg/EGG-INFO
copying src/xdevice.egg-info/dependency_links.txt -> build/bdist.linux-x86_64/egg/EGG-INFO
copying src/xdevice.egg-info/entry_points.txt -> build/bdist.linux-x86_64/egg/EGG-INFO
copying src/xdevice.egg-info/not-zip-safe -> build/bdist.linux-x86_64/egg/EGG-INFO
copying src/xdevice.egg-info/top_level.txt -> build/bdist.linux-x86_64/egg/EGG-INFO
creating 'dist/xdevice-0.0.0-py3.8.egg' and adding 'build/bdist.linux-x86_64/egg' to it
removing 'build/bdist.linux-x86_64/egg' (and everything under it)
Processing xdevice-0.0.0-py3.8.egg
removing '/home/wangbinquan01/.local/lib/python3.8/site-packages/xdevice-0.0.0-py3.8.egg' (and everything under it)
creating /home/wangbinquan01/.local/lib/python3.8/site-packages/xdevice-0.0.0-py3.8.egg
Extracting xdevice-0.0.0-py3.8.egg to /home/wangbinquan01/.local/lib/python3.8/site-packages
xdevice 0.0.0 is already the active version in easy-install.pth
Installing xdevice script to /home/wangbinquan01/.local/bin
Installing xdevice_report script to /home/wangbinquan01/.local/bin

Installed /home/wangbinquan01/.local/lib/python3.8/site-packages/xdevice-0.0.0-py3.8.egg
Processing dependencies for xdevice==0.0.0
Finished processing dependencies for xdevice==0.0.0
[291/303] STAMP obj/test/xts/acts/build_lite/acts_xdevice.stamp
[292/303] gcc cross compiler obj/test/xts/acts/kernel_lite/kernelcmsis_hal/src/libmodule_ActsCMSISTest.cmsis_task_func_test.o
../../../test/xts/acts/kernel_lite/kernelcmsis_hal/src/cmsis_task_func_test.c: In function 'CmsisThreadCreat005Func001':
../../../test/xts/acts/kernel_lite/kernelcmsis_hal/src/cmsis_task_func_test.c:157:12: warning: unused variable 'uwIndex' [-Wunused-variable]
     UINT32 uwIndex;
            ^~~~~~~
[293/303] AR libs/libmodule_ActsCMSISTest.a
[294/303] ACTION //test/xts/acts/kernel_lite/kernelcmsis_hal:ActsCMSISTest(//build/lite/toolchain:riscv32-unknown-elf)
[295/303] STAMP obj/test/xts/acts/kernel_lite/kernelcmsis_hal/ActsCMSISTest.stamp
[296/303] STAMP obj/test/xts/acts/build_lite/acts_component.stamp
[297/303] ACTION //test/xts/acts/build_lite:acts_generate_module_data(//build/lite/toolchain:riscv32-unknown-elf)
[298/303] STAMP obj/test/xts/acts/build_lite/acts_generate_module_data.stamp
[299/303] ACTION //test/xts/acts/build_lite:acts(//build/lite/toolchain:riscv32-unknown-elf)
[300/303] STAMP obj/test/xts/acts/build_lite/acts.stamp
[301/303] STAMP obj/build/lite/ohos.stamp
[302/303] ACTION //device/hisilicon/hispark_pegasus/sdk_liteos:run_wifiiot_scons(//build/lite/toolchain:riscv32-unknown-elf)
[303/303] STAMP obj/device/hisilicon/hispark_pegasus/sdk_liteos/run_wifiiot_scons.stamp
